#
# There is insufficient memory for the Java Runtime Environment to continue.
# Native memory allocation (malloc) failed to allocate 1957720 bytes. Error detail: Chunk::new
# Possible reasons:
#   The system is out of physical RAM or swap space
#   This process is running with CompressedOops enabled, and the Java Heap may be blocking the growth of the native heap
# Possible solutions:
#   Reduce memory load on the system
#   Increase physical memory or swap space
#   Check if swap backing store is full
#   Decrease Java heap size (-Xmx/-Xms)
#   Decrease number of Java threads
#   Decrease Java thread stack sizes (-Xss)
#   Set larger code cache with -XX:ReservedCodeCacheSize=
#   JVM is running with Unscaled Compressed Oops mode in which the Java heap is
#     placed in the first 4GB address space. The Java Heap base address is the
#     maximum limit for the native heap growth. Please use -XX:HeapBaseMinAddress
#     to set the Java Heap base and to place the Java Heap above 4GB virtual address.
# This output file may be truncated or incomplete.
#
#  Out of Memory Error (arena.cpp:186), pid=14032, tid=16312
#
# JRE version: Java(TM) SE Runtime Environment (25.0.1+8) (build 25.0.1+8-LTS-27)
# Java VM: Java HotSpot(TM) 64-Bit Server VM (25.0.1+8-LTS-27, mixed mode, sharing, tiered, compressed oops, compressed class ptrs, g1 gc, windows-amd64)
# No core dump will be written. Minidumps are not enabled by default on client versions of Windows
#

---------------  S U M M A R Y ------------

Command Line: -javaagent:C:\Program Files\JetBrains\IntelliJ IDEA Community Edition 2024.3.3\lib\idea_rt.jar=61314 -Dfile.encoding=UTF-8 -Dsun.stdout.encoding=UTF-8 -Dsun.stderr.encoding=UTF-8 com.example.project_management_app.ProjectManagementApplication

Host: 12th Gen Intel(R) Core(TM) i5-1235U, 12 cores, 7G,  Windows 11 , 64 bit Build 26100 (10.0.26100.7623)
Time: Thu Jan 29 20:18:07 2026 W. Europe Standard Time elapsed time: 20493.302998 seconds (0d 5h 41m 33s)

---------------  T H R E A D  ---------------

Current thread (0x000001b17d042d40):  JavaThread "C2 CompilerThread0" daemon [_thread_in_native, id=16312, stack(0x000000a723100000,0x000000a723200000) (1024K)]


Current CompileTask:
C2:20493303 18908       4       java.util.AbstractCollection::containsAll (38 bytes)

Stack: [0x000000a723100000,0x000000a723200000]
Native frames: (J=compiled Java code, j=interpreted, Vv=VM code, C=native code)
V  [jvm.dll+0x7a6b59]  (no source info available)
V  [jvm.dll+0x77290d]  (no source info available)
V  [jvm.dll+0x966153]  (no source info available)
V  [jvm.dll+0x968751]  (no source info available)
V  [jvm.dll+0x968e53]  (no source info available)
V  [jvm.dll+0x2fc756]  (no source info available)
V  [jvm.dll+0x111b26]  (no source info available)
V  [jvm.dll+0x111e4e]  (no source info available)
V  [jvm.dll+0x1a0a22]  (no source info available)
V  [jvm.dll+0x3b53c2]  (no source info available)
V  [jvm.dll+0x7ac4ef]  (no source info available)
V  [jvm.dll+0x2c0ac7]  (no source info available)
V  [jvm.dll+0x2bfa8f]  (no source info available)
V  [jvm.dll+0x237b60]  (no source info available)
V  [jvm.dll+0x2cfb56]  (no source info available)
V  [jvm.dll+0x2cddd5]  (no source info available)
V  [jvm.dll+0x48e6d1]  (no source info available)
V  [jvm.dll+0x906a0d]  (no source info available)
V  [jvm.dll+0x7a5135]  (no source info available)
C  [ucrtbase.dll+0x37b0]  (no source info available)
C  [KERNEL32.DLL+0x2e8d7]  (no source info available)
C  [ntdll.dll+0x8c53c]  (no source info available)

Lock stack of current Java thread (top to bottom):


---------------  P R O C E S S  ---------------

Threads class SMR info:
_java_thread_list=0x000001b113d678f0, length=43, elements={
0x000001b17d033dc0, 0x000001b17d034580, 0x000001b17d03a840, 0x000001b17d03dbb0,
0x000001b17d03e770, 0x000001b17d040a10, 0x000001b17d042d40, 0x000001b17d0492d0,
0x000001b17d438690, 0x000001b17d9b66f0, 0x000001b17d9b6eb0, 0x000001b17e787f70,
0x000001b17e786030, 0x000001b17e785090, 0x000001b17e7896e0, 0x000001b17e00e5c0,
0x000001b17e012440, 0x000001b11b2ebdb0, 0x000001b11b2ecd50, 0x000001b11b2edcf0,
0x000001b11b2ea640, 0x000001b11b2ed520, 0x000001b11b2ee4c0, 0x000001b11b2f1b70,
0x000001b11b2f13a0, 0x000001b11b2f0400, 0x000001b11b2f0bd0, 0x000001b11b2efc30,
0x000001b114aea1c0, 0x000001b114aee810, 0x000001b114aef7b0, 0x000001b114af16f0,
0x000001b114af0f20, 0x000001b17e00beb0, 0x000001b17d319c00, 0x000001b11566abd0,
0x000001b11566dab0, 0x000001b113f09a10, 0x000001b1159718f0, 0x000001b115970180,
0x000001b115974fa0, 0x000001b115975770, 0x000001b115978650
}

Java Threads: ( => current thread )
  0x000001b17d033dc0 JavaThread "Reference Handler"          daemon [_thread_blocked, id=25036, stack(0x000000a722b00000,0x000000a722c00000) (1024K)]
  0x000001b17d034580 JavaThread "Finalizer"                  daemon [_thread_blocked, id=14680, stack(0x000000a722c00000,0x000000a722d00000) (1024K)]
  0x000001b17d03a840 JavaThread "Signal Dispatcher"          daemon [_thread_blocked, id=22664, stack(0x000000a722d00000,0x000000a722e00000) (1024K)]
  0x000001b17d03dbb0 JavaThread "Attach Listener"            daemon [_thread_blocked, id=22856, stack(0x000000a722e00000,0x000000a722f00000) (1024K)]
  0x000001b17d03e770 JavaThread "Service Thread"             daemon [_thread_blocked, id=18224, stack(0x000000a722f00000,0x000000a723000000) (1024K)]
  0x000001b17d040a10 JavaThread "Monitor Deflation Thread"   daemon [_thread_blocked, id=3772, stack(0x000000a723000000,0x000000a723100000) (1024K)]
=>0x000001b17d042d40 JavaThread "C2 CompilerThread0"         daemon [_thread_in_native, id=16312, stack(0x000000a723100000,0x000000a723200000) (1024K)]
  0x000001b17d0492d0 JavaThread "C1 CompilerThread0"         daemon [_thread_blocked, id=11388, stack(0x000000a723200000,0x000000a723300000) (1024K)]
  0x000001b17d438690 JavaThread "Common-Cleaner"             daemon [_thread_blocked, id=7088, stack(0x000000a723300000,0x000000a723400000) (1024K)]
  0x000001b17d9b66f0 JavaThread "Monitor Ctrl-Break"         daemon [_thread_in_native, id=22872, stack(0x000000a723400000,0x000000a723500000) (1024K)]
  0x000001b17d9b6eb0 JavaThread "Notification Thread"        daemon [_thread_blocked, id=17128, stack(0x000000a723500000,0x000000a723600000) (1024K)]
  0x000001b17e787f70 JavaThread "Catalina-utility-1"                [_thread_blocked, id=18852, stack(0x000000a723900000,0x000000a723a00000) (1024K)]
  0x000001b17e786030 JavaThread "Catalina-utility-2"                [_thread_blocked, id=15088, stack(0x000000a724600000,0x000000a724700000) (1024K)]
  0x000001b17e785090 JavaThread "container-0"                       [_thread_blocked, id=5664, stack(0x000000a724700000,0x000000a724800000) (1024K)]
  0x000001b17e7896e0 JavaThread "mysql-cj-abandoned-connection-cleanup" daemon [_thread_blocked, id=5608, stack(0x000000a724800000,0x000000a724900000) (1024K)]
  0x000001b17e00e5c0 JavaThread "HikariPool-1:housekeeper"   daemon [_thread_blocked, id=18840, stack(0x000000a724a00000,0x000000a724b00000) (1024K)]
  0x000001b17e012440 JavaThread "File Watcher"               daemon [_thread_blocked, id=24596, stack(0x000000a724c00000,0x000000a724d00000) (1024K)]
  0x000001b11b2ebdb0 JavaThread "Live Reload Server"         daemon [_thread_in_native, id=1924, stack(0x000000a724e00000,0x000000a724f00000) (1024K)]
  0x000001b11b2ecd50 JavaThread "http-nio-8080-exec-1"       daemon [_thread_blocked, id=18928, stack(0x000000a724d00000,0x000000a724e00000) (1024K)]
  0x000001b11b2edcf0 JavaThread "http-nio-8080-exec-2"       daemon [_thread_blocked, id=8320, stack(0x000000a724f00000,0x000000a725000000) (1024K)]
  0x000001b11b2ea640 JavaThread "http-nio-8080-exec-3"       daemon [_thread_blocked, id=2596, stack(0x000000a725000000,0x000000a725100000) (1024K)]
  0x000001b11b2ed520 JavaThread "http-nio-8080-exec-4"       daemon [_thread_blocked, id=17528, stack(0x000000a725100000,0x000000a725200000) (1024K)]
  0x000001b11b2ee4c0 JavaThread "http-nio-8080-exec-5"       daemon [_thread_blocked, id=4388, stack(0x000000a725200000,0x000000a725300000) (1024K)]
  0x000001b11b2f1b70 JavaThread "http-nio-8080-exec-6"       daemon [_thread_blocked, id=14652, stack(0x000000a725300000,0x000000a725400000) (1024K)]
  0x000001b11b2f13a0 JavaThread "http-nio-8080-exec-7"       daemon [_thread_blocked, id=20000, stack(0x000000a725400000,0x000000a725500000) (1024K)]
  0x000001b11b2f0400 JavaThread "http-nio-8080-exec-8"       daemon [_thread_blocked, id=19076, stack(0x000000a725500000,0x000000a725600000) (1024K)]
  0x000001b11b2f0bd0 JavaThread "http-nio-8080-exec-9"       daemon [_thread_blocked, id=25560, stack(0x000000a725600000,0x000000a725700000) (1024K)]
  0x000001b11b2efc30 JavaThread "http-nio-8080-exec-10"      daemon [_thread_blocked, id=14360, stack(0x000000a725700000,0x000000a725800000) (1024K)]
  0x000001b114aea1c0 JavaThread "http-nio-8080-Poller"       daemon [_thread_in_native, id=23356, stack(0x000000a725800000,0x000000a725900000) (1024K)]
  0x000001b114aee810 JavaThread "http-nio-8080-Acceptor"     daemon [_thread_in_native, id=17748, stack(0x000000a725900000,0x000000a725a00000) (1024K)]
  0x000001b114aef7b0 JavaThread "DestroyJavaVM"                     [_thread_blocked, id=23412, stack(0x000000a722300000,0x000000a722400000) (1024K)]
  0x000001b114af16f0 JavaThread "MessageBroker-1"                   [_thread_blocked, id=7056, stack(0x000000a723600000,0x000000a723700000) (1024K)]
  0x000001b114af0f20 JavaThread "MessageBroker-2"                   [_thread_blocked, id=21608, stack(0x000000a723700000,0x000000a723800000) (1024K)]
  0x000001b17e00beb0 JavaThread "MessageBroker-3"                   [_thread_blocked, id=25552, stack(0x000000a723800000,0x000000a723900000) (1024K)]
  0x000001b17d319c00 JavaThread "MessageBroker-4"                   [_thread_blocked, id=11444, stack(0x000000a725e00000,0x000000a725f00000) (1024K)]
  0x000001b11566abd0 JavaThread "MessageBroker-5"                   [_thread_blocked, id=26576, stack(0x000000a726800000,0x000000a726900000) (1024K)]
  0x000001b11566dab0 JavaThread "MessageBroker-6"                   [_thread_blocked, id=9584, stack(0x000000a726d00000,0x000000a726e00000) (1024K)]
  0x000001b113f09a10 JavaThread "MessageBroker-7"                   [_thread_blocked, id=26500, stack(0x000000a727300000,0x000000a727400000) (1024K)]
  0x000001b1159718f0 JavaThread "MessageBroker-8"                   [_thread_blocked, id=15936, stack(0x000000a727b00000,0x000000a727c00000) (1024K)]
  0x000001b115970180 JavaThread "MessageBroker-9"                   [_thread_blocked, id=18688, stack(0x000000a727d00000,0x000000a727e00000) (1024K)]
  0x000001b115974fa0 JavaThread "MessageBroker-10"                  [_thread_blocked, id=10104, stack(0x000000a728000000,0x000000a728100000) (1024K)]
  0x000001b115975770 JavaThread "MessageBroker-11"                  [_thread_blocked, id=10272, stack(0x000000a728200000,0x000000a728300000) (1024K)]
  0x000001b115978650 JavaThread "MessageBroker-12"                  [_thread_blocked, id=16792, stack(0x000000a728400000,0x000000a728500000) (1024K)]
Total: 43

Other Threads:
  0x000001b17d022b10 VMThread "VM Thread"                           [id=23344, stack(0x000000a722a00000,0x000000a722b00000) (1024K)]
  0x000001b17ceee4a0 WatcherThread "VM Periodic Task Thread"        [id=27544, stack(0x000000a722900000,0x000000a722a00000) (1024K)]
  0x000001b16f11e730 WorkerThread "GC Thread#0"                     [id=25824, stack(0x000000a722400000,0x000000a722500000) (1024K)]
  0x000001b17e4c2920 WorkerThread "GC Thread#1"                     [id=7316, stack(0x000000a723a00000,0x000000a723b00000) (1024K)]
  0x000001b17d9ee8f0 WorkerThread "GC Thread#2"                     [id=7496, stack(0x000000a723b00000,0x000000a723c00000) (1024K)]
  0x000001b17d9eed40 WorkerThread "GC Thread#3"                     [id=19992, stack(0x000000a723c00000,0x000000a723d00000) (1024K)]
  0x000001b17e5f8b90 WorkerThread "GC Thread#4"                     [id=13596, stack(0x000000a723d00000,0x000000a723e00000) (1024K)]
  0x000001b17e5f8fe0 WorkerThread "GC Thread#5"                     [id=9100, stack(0x000000a723e00000,0x000000a723f00000) (1024K)]
  0x000001b17e5f9430 WorkerThread "GC Thread#6"                     [id=21324, stack(0x000000a723f00000,0x000000a724000000) (1024K)]
  0x000001b17e5f8740 WorkerThread "GC Thread#7"                     [id=18968, stack(0x000000a724000000,0x000000a724100000) (1024K)]
  0x000001b17e5fbb00 WorkerThread "GC Thread#8"                     [id=7140, stack(0x000000a724200000,0x000000a724300000) (1024K)]
  0x000001b17e5f9cd0 WorkerThread "GC Thread#9"                     [id=19360, stack(0x000000a724300000,0x000000a724400000) (1024K)]
  0x000001b16ce1dd20 ConcurrentGCThread "G1 Main Marker"            [id=15236, stack(0x000000a722500000,0x000000a722600000) (1024K)]
  0x000001b16f135b50 WorkerThread "G1 Conc#0"                       [id=26296, stack(0x000000a722600000,0x000000a722700000) (1024K)]
  0x000001b17e5fb260 WorkerThread "G1 Conc#1"                       [id=8252, stack(0x000000a724400000,0x000000a724500000) (1024K)]
  0x000001b17e5fa120 WorkerThread "G1 Conc#2"                       [id=25040, stack(0x000000a724500000,0x000000a724600000) (1024K)]
  0x000001b17ceded60 ConcurrentGCThread "G1 Refine#0"               [id=13028, stack(0x000000a722700000,0x000000a722800000) (1024K)]
  0x000001b17cedf620 ConcurrentGCThread "G1 Service"                [id=23284, stack(0x000000a722800000,0x000000a722900000) (1024K)]
Total: 18

Threads with active compile tasks:
C2 CompilerThread0  20493540 18908       4       java.util.AbstractCollection::containsAll (38 bytes)
Total: 1

VM state: not at safepoint (normal execution)

VM Mutex/Monitor currently owned by a thread: None

Heap address: 0x0000000084e00000, size: 1970 MB, Compressed Oops mode: 32-bit

CDS archive(s) mapped at: [0x0000000037000000-0x0000000037dd0000-0x0000000037dd0000), size 14483456, SharedBaseAddress: 0x0000000037000000, ArchiveRelocationMode: 1.
Compressed class space mapped at: 0x0000000038000000-0x0000000078000000, reserved size: 1073741824
UseCompressedClassPointers 1, UseCompactObjectHeaders 0
Narrow klass pointer bits 32, Max shift 3
Narrow klass base: 0x0000000037000000, Narrow klass shift: 0
Encoding Range: [0x0000000037000000 - 0x0000000137000000), (4294967296 bytes)
Klass Range:    [0x0000000037010000 - 0x0000000078000000), (1090453504 bytes)
Klass ID Range:  [65536 - 1090519033) (1090453497)
Protection zone: [0x0000000037000000 - 0x0000000037010000), (65536 bytes)

GC Precious Log:
 CardTable entry size: 512
 Card Set container configuration: InlinePtr #cards 5 size 8 Array Of Cards #cards 10 size 36 Howl #buckets 4 coarsen threshold 1843 Howl Bitmap #cards 512 size 80 coarsen threshold 460 Card regions per heap region 1 cards per card region 2048
 CPUs: 12 total, 12 available
 Memory: 7875M
 Large Page Support: Disabled
 NUMA Support: Disabled
 Compressed Oops: Enabled (32-bit)
 Heap Region Size: 1M
 Heap Min Capacity: 8M
 Heap Initial Capacity: 124M
 Heap Max Capacity: 1970M
 Pre-touch: Disabled
 Parallel Workers: 10
 Concurrent Workers: 3
 Concurrent Refinement Workers: 10
 Periodic GC: Disabled

Heap:
 garbage-first heap   total reserved 2017280K, committed 174080K, used 125067K [0x0000000084e00000, 0x0000000100000000)
  region size 1024K, 76 young (77824K), 2 survivors (2048K)

Heap Regions: E=young(eden), S=young(survivor), O=old, HS=humongous(starts), HC=humongous(continues), CS=collection set, F=free, TAMS=top-at-mark-start, PB=parsable bottom
|   0|0x0000000084e00000, 0x0000000084f00000, 0x0000000084f00000|100%|HS|  |TAMS 0x0000000084e00000| PB 0x0000000084e00000| Complete |  0
|   1|0x0000000084f00000, 0x0000000085000000, 0x0000000085000000|100%|HS|  |TAMS 0x0000000084f00000| PB 0x0000000084f00000| Complete |  0
|   2|0x0000000085000000, 0x0000000085100000, 0x0000000085100000|100%| O|  |TAMS 0x0000000085000000| PB 0x0000000085000000| Untracked |  0
|   3|0x0000000085100000, 0x0000000085200000, 0x0000000085200000|100%| O|  |TAMS 0x0000000085100000| PB 0x0000000085100000| Untracked |  0
|   4|0x0000000085200000, 0x0000000085300000, 0x0000000085300000|100%| O|  |TAMS 0x0000000085200000| PB 0x0000000085200000| Untracked |  0
|   5|0x0000000085300000, 0x0000000085400000, 0x0000000085400000|100%| O|  |TAMS 0x0000000085300000| PB 0x0000000085300000| Untracked |  0
|   6|0x0000000085400000, 0x0000000085500000, 0x0000000085500000|100%| O|  |TAMS 0x0000000085400000| PB 0x0000000085400000| Untracked |  0
|   7|0x0000000085500000, 0x0000000085600000, 0x0000000085600000|100%| O|  |TAMS 0x0000000085500000| PB 0x0000000085500000| Untracked |  0
|   8|0x0000000085600000, 0x0000000085700000, 0x0000000085700000|100%| O|  |TAMS 0x0000000085600000| PB 0x0000000085600000| Untracked |  0
|   9|0x0000000085700000, 0x0000000085800000, 0x0000000085800000|100%| O|  |TAMS 0x0000000085700000| PB 0x0000000085700000| Untracked |  0
|  10|0x0000000085800000, 0x0000000085900000, 0x0000000085900000|100%| O|  |TAMS 0x0000000085800000| PB 0x0000000085800000| Untracked |  0
|  11|0x0000000085900000, 0x0000000085a00000, 0x0000000085a00000|100%| O|  |TAMS 0x0000000085900000| PB 0x0000000085900000| Untracked |  0
|  12|0x0000000085a00000, 0x0000000085b00000, 0x0000000085b00000|100%| O|  |TAMS 0x0000000085a00000| PB 0x0000000085a00000| Untracked |  0
|  13|0x0000000085b00000, 0x0000000085b00000, 0x0000000085c00000|  0%| F|  |TAMS 0x0000000085b00000| PB 0x0000000085b00000| Untracked |  0
|  14|0x0000000085c00000, 0x0000000085d00000, 0x0000000085d00000|100%| O|  |TAMS 0x0000000085c00000| PB 0x0000000085c00000| Untracked |  0
|  15|0x0000000085d00000, 0x0000000085e00000, 0x0000000085e00000|100%| O|Cm|TAMS 0x0000000085d00000| PB 0x0000000085d00000| Complete |  0
|  16|0x0000000085e00000, 0x0000000085f00000, 0x0000000085f00000|100%| O|  |TAMS 0x0000000085e00000| PB 0x0000000085e00000| Untracked |  0
|  17|0x0000000085f00000, 0x0000000086000000, 0x0000000086000000|100%| O|  |TAMS 0x0000000085f00000| PB 0x0000000085f00000| Untracked |  0
|  18|0x0000000086000000, 0x0000000086100000, 0x0000000086100000|100%| O|  |TAMS 0x0000000086000000| PB 0x0000000086000000| Untracked |  0
|  19|0x0000000086100000, 0x0000000086200000, 0x0000000086200000|100%| O|  |TAMS 0x0000000086100000| PB 0x0000000086100000| Untracked |  0
|  20|0x0000000086200000, 0x0000000086200000, 0x0000000086300000|  0%| F|  |TAMS 0x0000000086200000| PB 0x0000000086200000| Untracked |  0
|  21|0x0000000086300000, 0x0000000086400000, 0x0000000086400000|100%| O|  |TAMS 0x0000000086300000| PB 0x0000000086300000| Untracked |  0
|  22|0x0000000086400000, 0x0000000086500000, 0x0000000086500000|100%| O|  |TAMS 0x0000000086400000| PB 0x0000000086400000| Untracked |  0
|  23|0x0000000086500000, 0x0000000086600000, 0x0000000086600000|100%| O|  |TAMS 0x0000000086500000| PB 0x0000000086500000| Untracked |  0
|  24|0x0000000086600000, 0x0000000086700000, 0x0000000086700000|100%| O|  |TAMS 0x0000000086600000| PB 0x0000000086600000| Untracked |  0
|  25|0x0000000086700000, 0x0000000086800000, 0x0000000086800000|100%| O|Cm|TAMS 0x0000000086700000| PB 0x0000000086700000| Complete |  0
|  26|0x0000000086800000, 0x0000000086900000, 0x0000000086900000|100%| O|  |TAMS 0x0000000086800000| PB 0x0000000086800000| Untracked |  0
|  27|0x0000000086900000, 0x0000000086a00000, 0x0000000086a00000|100%| O|  |TAMS 0x0000000086900000| PB 0x0000000086900000| Untracked |  0
|  28|0x0000000086a00000, 0x0000000086b00000, 0x0000000086b00000|100%| O|  |TAMS 0x0000000086a00000| PB 0x0000000086a00000| Untracked |  0
|  29|0x0000000086b00000, 0x0000000086c00000, 0x0000000086c00000|100%| O|  |TAMS 0x0000000086b00000| PB 0x0000000086b00000| Untracked |  0
|  30|0x0000000086c00000, 0x0000000086d00000, 0x0000000086d00000|100%| O|  |TAMS 0x0000000086c00000| PB 0x0000000086c00000| Untracked |  0
|  31|0x0000000086d00000, 0x0000000086e00000, 0x0000000086e00000|100%| O|  |TAMS 0x0000000086d00000| PB 0x0000000086d00000| Untracked |  0
|  32|0x0000000086e00000, 0x0000000086f00000, 0x0000000086f00000|100%| O|  |TAMS 0x0000000086e00000| PB 0x0000000086e00000| Untracked |  0
|  33|0x0000000086f00000, 0x0000000087000000, 0x0000000087000000|100%| O|  |TAMS 0x0000000086f00000| PB 0x0000000086f00000| Untracked |  0
|  34|0x0000000087000000, 0x0000000087100000, 0x0000000087100000|100%| O|  |TAMS 0x0000000087000000| PB 0x0000000087000000| Untracked |  0
|  35|0x0000000087100000, 0x00000000871b3cf0, 0x0000000087200000| 70%| O|  |TAMS 0x0000000087100000| PB 0x0000000087100000| Untracked |  0
|  36|0x0000000087200000, 0x0000000087300000, 0x0000000087300000|100%| O|  |TAMS 0x0000000087200000| PB 0x0000000087200000| Untracked |  0
|  37|0x0000000087300000, 0x0000000087400000, 0x0000000087400000|100%| O|  |TAMS 0x0000000087300000| PB 0x0000000087300000| Untracked |  0
|  38|0x0000000087400000, 0x0000000087500000, 0x0000000087500000|100%| O|  |TAMS 0x0000000087400000| PB 0x0000000087400000| Untracked |  0
|  39|0x0000000087500000, 0x000000008755cb80, 0x0000000087600000| 36%| O|Cm|TAMS 0x0000000087500000| PB 0x0000000087500000| Complete |  0
|  40|0x0000000087600000, 0x0000000087600000, 0x0000000087700000|  0%| F|  |TAMS 0x0000000087600000| PB 0x0000000087600000| Untracked |  0
|  41|0x0000000087700000, 0x0000000087700000, 0x0000000087800000|  0%| F|  |TAMS 0x0000000087700000| PB 0x0000000087700000| Untracked |  0
|  42|0x0000000087800000, 0x0000000087800000, 0x0000000087900000|  0%| F|  |TAMS 0x0000000087800000| PB 0x0000000087800000| Untracked |  0
|  43|0x0000000087900000, 0x0000000087900000, 0x0000000087a00000|  0%| F|  |TAMS 0x0000000087900000| PB 0x0000000087900000| Untracked |  0
|  44|0x0000000087a00000, 0x0000000087a00000, 0x0000000087b00000|  0%| F|  |TAMS 0x0000000087a00000| PB 0x0000000087a00000| Untracked |  0
|  45|0x0000000087b00000, 0x0000000087b00000, 0x0000000087c00000|  0%| F|  |TAMS 0x0000000087b00000| PB 0x0000000087b00000| Untracked |  0
|  46|0x0000000087c00000, 0x0000000087c00000, 0x0000000087d00000|  0%| F|  |TAMS 0x0000000087c00000| PB 0x0000000087c00000| Untracked |  0
|  47|0x0000000087d00000, 0x0000000087e00000, 0x0000000087e00000|100%| O|  |TAMS 0x0000000087d00000| PB 0x0000000087d00000| Untracked |  0
|  48|0x0000000087e00000, 0x0000000087e00000, 0x0000000087f00000|  0%| F|  |TAMS 0x0000000087e00000| PB 0x0000000087e00000| Untracked |  0
|  49|0x0000000087f00000, 0x0000000087f00000, 0x0000000088000000|  0%| F|  |TAMS 0x0000000087f00000| PB 0x0000000087f00000| Untracked |  0
|  50|0x0000000088000000, 0x0000000088000000, 0x0000000088100000|  0%| F|  |TAMS 0x0000000088000000| PB 0x0000000088000000| Untracked |  0
|  51|0x0000000088100000, 0x0000000088200000, 0x0000000088200000|100%| O|  |TAMS 0x0000000088100000| PB 0x0000000088100000| Untracked |  0
|  52|0x0000000088200000, 0x0000000088200000, 0x0000000088300000|  0%| F|  |TAMS 0x0000000088200000| PB 0x0000000088200000| Untracked |  0
|  53|0x0000000088300000, 0x0000000088400000, 0x0000000088400000|100%| O|  |TAMS 0x0000000088300000| PB 0x0000000088300000| Untracked |  0
|  54|0x0000000088400000, 0x0000000088500000, 0x0000000088500000|100%| O|  |TAMS 0x0000000088400000| PB 0x0000000088400000| Untracked |  0
|  55|0x0000000088500000, 0x0000000088600000, 0x0000000088600000|100%| O|  |TAMS 0x0000000088500000| PB 0x0000000088500000| Untracked |  0
|  56|0x0000000088600000, 0x0000000088600000, 0x0000000088700000|  0%| F|  |TAMS 0x0000000088600000| PB 0x0000000088600000| Untracked |  0
|  57|0x0000000088700000, 0x0000000088700000, 0x0000000088800000|  0%| F|  |TAMS 0x0000000088700000| PB 0x0000000088700000| Untracked |  0
|  58|0x0000000088800000, 0x0000000088800000, 0x0000000088900000|  0%| F|  |TAMS 0x0000000088800000| PB 0x0000000088800000| Untracked |  0
|  59|0x0000000088900000, 0x0000000088900000, 0x0000000088a00000|  0%| F|  |TAMS 0x0000000088900000| PB 0x0000000088900000| Untracked |  0
|  60|0x0000000088a00000, 0x0000000088a126a0, 0x0000000088b00000|  7%| S|CS|TAMS 0x0000000088a00000| PB 0x0000000088a00000| Complete |  0
|  61|0x0000000088b00000, 0x0000000088c00000, 0x0000000088c00000|100%| S|CS|TAMS 0x0000000088b00000| PB 0x0000000088b00000| Complete |  0
|  62|0x0000000088c00000, 0x0000000088c00000, 0x0000000088d00000|  0%| F|  |TAMS 0x0000000088c00000| PB 0x0000000088c00000| Untracked |  0
|  63|0x0000000088d00000, 0x0000000088d00000, 0x0000000088e00000|  0%| F|  |TAMS 0x0000000088d00000| PB 0x0000000088d00000| Untracked |  0
|  64|0x0000000088e00000, 0x0000000088e00000, 0x0000000088f00000|  0%| F|  |TAMS 0x0000000088e00000| PB 0x0000000088e00000| Untracked |  0
|  65|0x0000000088f00000, 0x0000000088f00000, 0x0000000089000000|  0%| F|  |TAMS 0x0000000088f00000| PB 0x0000000088f00000| Untracked |  0
|  66|0x0000000089000000, 0x0000000089000000, 0x0000000089100000|  0%| F|  |TAMS 0x0000000089000000| PB 0x0000000089000000| Untracked |  0
|  67|0x0000000089100000, 0x0000000089100000, 0x0000000089200000|  0%| F|  |TAMS 0x0000000089100000| PB 0x0000000089100000| Untracked |  0
|  68|0x0000000089200000, 0x0000000089200000, 0x0000000089300000|  0%| F|  |TAMS 0x0000000089200000| PB 0x0000000089200000| Untracked |  0
|  69|0x0000000089300000, 0x0000000089300000, 0x0000000089400000|  0%| F|  |TAMS 0x0000000089300000| PB 0x0000000089300000| Untracked |  0
|  70|0x0000000089400000, 0x0000000089400000, 0x0000000089500000|  0%| F|  |TAMS 0x0000000089400000| PB 0x0000000089400000| Untracked |  0
|  71|0x0000000089500000, 0x0000000089500000, 0x0000000089600000|  0%| F|  |TAMS 0x0000000089500000| PB 0x0000000089500000| Untracked |  0
|  72|0x0000000089600000, 0x0000000089600000, 0x0000000089700000|  0%| F|  |TAMS 0x0000000089600000| PB 0x0000000089600000| Untracked |  0
|  73|0x0000000089700000, 0x0000000089700000, 0x0000000089800000|  0%| F|  |TAMS 0x0000000089700000| PB 0x0000000089700000| Untracked |  0
|  74|0x0000000089800000, 0x0000000089800000, 0x0000000089900000|  0%| F|  |TAMS 0x0000000089800000| PB 0x0000000089800000| Untracked |  0
|  75|0x0000000089900000, 0x0000000089900000, 0x0000000089a00000|  0%| F|  |TAMS 0x0000000089900000| PB 0x0000000089900000| Untracked |  0
|  76|0x0000000089a00000, 0x0000000089a00000, 0x0000000089b00000|  0%| F|  |TAMS 0x0000000089a00000| PB 0x0000000089a00000| Untracked |  0
|  77|0x0000000089b00000, 0x0000000089c00000, 0x0000000089c00000|100%| O|Cm|TAMS 0x0000000089b00000| PB 0x0000000089b00000| Complete |  0
|  78|0x0000000089c00000, 0x0000000089c00000, 0x0000000089d00000|  0%| F|  |TAMS 0x0000000089c00000| PB 0x0000000089c00000| Untracked |  0
|  79|0x0000000089d00000, 0x0000000089d00000, 0x0000000089e00000|  0%| F|  |TAMS 0x0000000089d00000| PB 0x0000000089d00000| Untracked |  0
|  80|0x0000000089e00000, 0x0000000089e00000, 0x0000000089f00000|  0%| F|  |TAMS 0x0000000089e00000| PB 0x0000000089e00000| Untracked |  0
|  81|0x0000000089f00000, 0x0000000089f00000, 0x000000008a000000|  0%| F|  |TAMS 0x0000000089f00000| PB 0x0000000089f00000| Untracked |  0
|  82|0x000000008a000000, 0x000000008a000000, 0x000000008a100000|  0%| F|  |TAMS 0x000000008a000000| PB 0x000000008a000000| Untracked |  0
|  83|0x000000008a100000, 0x000000008a100000, 0x000000008a200000|  0%| F|  |TAMS 0x000000008a100000| PB 0x000000008a100000| Untracked |  0
|  84|0x000000008a200000, 0x000000008a200000, 0x000000008a300000|  0%| F|  |TAMS 0x000000008a200000| PB 0x000000008a200000| Untracked |  0
|  85|0x000000008a300000, 0x000000008a300000, 0x000000008a400000|  0%| F|  |TAMS 0x000000008a300000| PB 0x000000008a300000| Untracked |  0
|  86|0x000000008a400000, 0x000000008a400000, 0x000000008a500000|  0%| F|  |TAMS 0x000000008a400000| PB 0x000000008a400000| Untracked |  0
|  87|0x000000008a500000, 0x000000008a500000, 0x000000008a600000|  0%| F|  |TAMS 0x000000008a500000| PB 0x000000008a500000| Untracked |  0
|  88|0x000000008a600000, 0x000000008a600000, 0x000000008a700000|  0%| F|  |TAMS 0x000000008a600000| PB 0x000000008a600000| Untracked |  0
|  89|0x000000008a700000, 0x000000008a700000, 0x000000008a800000|  0%| F|  |TAMS 0x000000008a700000| PB 0x000000008a700000| Untracked |  0
|  90|0x000000008a800000, 0x000000008a800000, 0x000000008a900000|  0%| F|  |TAMS 0x000000008a800000| PB 0x000000008a800000| Untracked |  0
|  91|0x000000008a900000, 0x000000008a9829b8, 0x000000008aa00000| 51%| E|  |TAMS 0x000000008a900000| PB 0x000000008a900000| Complete |  0
|  92|0x000000008aa00000, 0x000000008ab00000, 0x000000008ab00000|100%| E|CS|TAMS 0x000000008aa00000| PB 0x000000008aa00000| Complete |  0
|  93|0x000000008ab00000, 0x000000008ac00000, 0x000000008ac00000|100%| E|CS|TAMS 0x000000008ab00000| PB 0x000000008ab00000| Complete |  0
|  94|0x000000008ac00000, 0x000000008ad00000, 0x000000008ad00000|100%| E|CS|TAMS 0x000000008ac00000| PB 0x000000008ac00000| Complete |  0
|  95|0x000000008ad00000, 0x000000008ae00000, 0x000000008ae00000|100%| E|CS|TAMS 0x000000008ad00000| PB 0x000000008ad00000| Complete |  0
|  96|0x000000008ae00000, 0x000000008af00000, 0x000000008af00000|100%| E|CS|TAMS 0x000000008ae00000| PB 0x000000008ae00000| Complete |  0
|  97|0x000000008af00000, 0x000000008b000000, 0x000000008b000000|100%| E|CS|TAMS 0x000000008af00000| PB 0x000000008af00000| Complete |  0
|  98|0x000000008b000000, 0x000000008b100000, 0x000000008b100000|100%| E|CS|TAMS 0x000000008b000000| PB 0x000000008b000000| Complete |  0
|  99|0x000000008b100000, 0x000000008b200000, 0x000000008b200000|100%| E|CS|TAMS 0x000000008b100000| PB 0x000000008b100000| Complete |  0
| 100|0x000000008b200000, 0x000000008b300000, 0x000000008b300000|100%| E|CS|TAMS 0x000000008b200000| PB 0x000000008b200000| Complete |  0
| 101|0x000000008b300000, 0x000000008b400000, 0x000000008b400000|100%| E|CS|TAMS 0x000000008b300000| PB 0x000000008b300000| Complete |  0
| 102|0x000000008b400000, 0x000000008b500000, 0x000000008b500000|100%| E|CS|TAMS 0x000000008b400000| PB 0x000000008b400000| Complete |  0
| 103|0x000000008b500000, 0x000000008b600000, 0x000000008b600000|100%| E|CS|TAMS 0x000000008b500000| PB 0x000000008b500000| Complete |  0
| 104|0x000000008b600000, 0x000000008b700000, 0x000000008b700000|100%| E|CS|TAMS 0x000000008b600000| PB 0x000000008b600000| Complete |  0
| 105|0x000000008b700000, 0x000000008b800000, 0x000000008b800000|100%| E|CS|TAMS 0x000000008b700000| PB 0x000000008b700000| Complete |  0
| 106|0x000000008b800000, 0x000000008b900000, 0x000000008b900000|100%| E|CS|TAMS 0x000000008b800000| PB 0x000000008b800000| Complete |  0
| 107|0x000000008b900000, 0x000000008ba00000, 0x000000008ba00000|100%| E|CS|TAMS 0x000000008b900000| PB 0x000000008b900000| Complete |  0
| 108|0x000000008ba00000, 0x000000008bb00000, 0x000000008bb00000|100%| E|CS|TAMS 0x000000008ba00000| PB 0x000000008ba00000| Complete |  0
| 109|0x000000008bb00000, 0x000000008bc00000, 0x000000008bc00000|100%| E|CS|TAMS 0x000000008bb00000| PB 0x000000008bb00000| Complete |  0
| 110|0x000000008bc00000, 0x000000008bd00000, 0x000000008bd00000|100%| E|CS|TAMS 0x000000008bc00000| PB 0x000000008bc00000| Complete |  0
| 111|0x000000008bd00000, 0x000000008be00000, 0x000000008be00000|100%| E|CS|TAMS 0x000000008bd00000| PB 0x000000008bd00000| Complete |  0
| 112|0x000000008be00000, 0x000000008bf00000, 0x000000008bf00000|100%| E|CS|TAMS 0x000000008be00000| PB 0x000000008be00000| Complete |  0
| 113|0x000000008bf00000, 0x000000008c000000, 0x000000008c000000|100%| E|CS|TAMS 0x000000008bf00000| PB 0x000000008bf00000| Complete |  0
| 114|0x000000008c000000, 0x000000008c100000, 0x000000008c100000|100%| E|CS|TAMS 0x000000008c000000| PB 0x000000008c000000| Complete |  0
| 115|0x000000008c100000, 0x000000008c200000, 0x000000008c200000|100%| E|CS|TAMS 0x000000008c100000| PB 0x000000008c100000| Complete |  0
| 116|0x000000008c200000, 0x000000008c300000, 0x000000008c300000|100%| E|CS|TAMS 0x000000008c200000| PB 0x000000008c200000| Complete |  0
| 117|0x000000008c300000, 0x000000008c400000, 0x000000008c400000|100%| E|CS|TAMS 0x000000008c300000| PB 0x000000008c300000| Complete |  0
| 118|0x000000008c400000, 0x000000008c500000, 0x000000008c500000|100%| E|CS|TAMS 0x000000008c400000| PB 0x000000008c400000| Complete |  0
| 119|0x000000008c500000, 0x000000008c600000, 0x000000008c600000|100%| E|CS|TAMS 0x000000008c500000| PB 0x000000008c500000| Complete |  0
| 120|0x000000008c600000, 0x000000008c700000, 0x000000008c700000|100%| E|CS|TAMS 0x000000008c600000| PB 0x000000008c600000| Complete |  0
| 121|0x000000008c700000, 0x000000008c800000, 0x000000008c800000|100%| E|CS|TAMS 0x000000008c700000| PB 0x000000008c700000| Complete |  0
| 122|0x000000008c800000, 0x000000008c900000, 0x000000008c900000|100%| E|CS|TAMS 0x000000008c800000| PB 0x000000008c800000| Complete |  0
| 123|0x000000008c900000, 0x000000008ca00000, 0x000000008ca00000|100%| E|CS|TAMS 0x000000008c900000| PB 0x000000008c900000| Complete |  0
| 124|0x000000008ca00000, 0x000000008cb00000, 0x000000008cb00000|100%| E|CS|TAMS 0x000000008ca00000| PB 0x000000008ca00000| Complete |  0
| 125|0x000000008cb00000, 0x000000008cc00000, 0x000000008cc00000|100%| E|CS|TAMS 0x000000008cb00000| PB 0x000000008cb00000| Complete |  0
| 126|0x000000008cc00000, 0x000000008cd00000, 0x000000008cd00000|100%| E|CS|TAMS 0x000000008cc00000| PB 0x000000008cc00000| Complete |  0
| 127|0x000000008cd00000, 0x000000008ce00000, 0x000000008ce00000|100%| E|CS|TAMS 0x000000008cd00000| PB 0x000000008cd00000| Complete |  0
| 128|0x000000008ce00000, 0x000000008cf00000, 0x000000008cf00000|100%| E|CS|TAMS 0x000000008ce00000| PB 0x000000008ce00000| Complete |  0
| 129|0x000000008cf00000, 0x000000008d000000, 0x000000008d000000|100%| E|CS|TAMS 0x000000008cf00000| PB 0x000000008cf00000| Complete |  0
| 130|0x000000008d000000, 0x000000008d100000, 0x000000008d100000|100%| E|CS|TAMS 0x000000008d000000| PB 0x000000008d000000| Complete |  0
| 131|0x000000008d100000, 0x000000008d200000, 0x000000008d200000|100%| E|CS|TAMS 0x000000008d100000| PB 0x000000008d100000| Complete |  0
| 132|0x000000008d200000, 0x000000008d300000, 0x000000008d300000|100%| E|CS|TAMS 0x000000008d200000| PB 0x000000008d200000| Complete |  0
| 133|0x000000008d300000, 0x000000008d400000, 0x000000008d400000|100%| E|CS|TAMS 0x000000008d300000| PB 0x000000008d300000| Complete |  0
| 134|0x000000008d400000, 0x000000008d500000, 0x000000008d500000|100%| E|CS|TAMS 0x000000008d400000| PB 0x000000008d400000| Complete |  0
| 135|0x000000008d500000, 0x000000008d600000, 0x000000008d600000|100%| E|CS|TAMS 0x000000008d500000| PB 0x000000008d500000| Complete |  0
| 136|0x000000008d600000, 0x000000008d700000, 0x000000008d700000|100%| E|CS|TAMS 0x000000008d600000| PB 0x000000008d600000| Complete |  0
| 137|0x000000008d700000, 0x000000008d800000, 0x000000008d800000|100%| E|CS|TAMS 0x000000008d700000| PB 0x000000008d700000| Complete |  0
| 138|0x000000008d800000, 0x000000008d900000, 0x000000008d900000|100%| E|CS|TAMS 0x000000008d800000| PB 0x000000008d800000| Complete |  0
| 139|0x000000008d900000, 0x000000008da00000, 0x000000008da00000|100%| E|CS|TAMS 0x000000008d900000| PB 0x000000008d900000| Complete |  0
| 140|0x000000008da00000, 0x000000008db00000, 0x000000008db00000|100%| E|CS|TAMS 0x000000008da00000| PB 0x000000008da00000| Complete |  0
| 141|0x000000008db00000, 0x000000008dc00000, 0x000000008dc00000|100%| E|CS|TAMS 0x000000008db00000| PB 0x000000008db00000| Complete |  0
| 142|0x000000008dc00000, 0x000000008dd00000, 0x000000008dd00000|100%| E|CS|TAMS 0x000000008dc00000| PB 0x000000008dc00000| Complete |  0
| 143|0x000000008dd00000, 0x000000008de00000, 0x000000008de00000|100%| E|CS|TAMS 0x000000008dd00000| PB 0x000000008dd00000| Complete |  0
| 144|0x000000008de00000, 0x000000008df00000, 0x000000008df00000|100%| E|CS|TAMS 0x000000008de00000| PB 0x000000008de00000| Complete |  0
| 145|0x000000008df00000, 0x000000008e000000, 0x000000008e000000|100%| E|CS|TAMS 0x000000008df00000| PB 0x000000008df00000| Complete |  0
| 146|0x000000008e000000, 0x000000008e100000, 0x000000008e100000|100%| E|CS|TAMS 0x000000008e000000| PB 0x000000008e000000| Complete |  0
| 147|0x000000008e100000, 0x000000008e200000, 0x000000008e200000|100%| E|CS|TAMS 0x000000008e100000| PB 0x000000008e100000| Complete |  0
| 148|0x000000008e200000, 0x000000008e300000, 0x000000008e300000|100%| E|CS|TAMS 0x000000008e200000| PB 0x000000008e200000| Complete |  0
| 149|0x000000008e300000, 0x000000008e400000, 0x000000008e400000|100%| E|CS|TAMS 0x000000008e300000| PB 0x000000008e300000| Complete |  0
| 150|0x000000008e400000, 0x000000008e500000, 0x000000008e500000|100%| E|CS|TAMS 0x000000008e400000| PB 0x000000008e400000| Complete |  0
| 151|0x000000008e500000, 0x000000008e600000, 0x000000008e600000|100%| E|CS|TAMS 0x000000008e500000| PB 0x000000008e500000| Complete |  0
| 152|0x000000008e600000, 0x000000008e700000, 0x000000008e700000|100%| E|CS|TAMS 0x000000008e600000| PB 0x000000008e600000| Complete |  0
| 153|0x000000008e700000, 0x000000008e800000, 0x000000008e800000|100%| E|CS|TAMS 0x000000008e700000| PB 0x000000008e700000| Complete |  0
| 154|0x000000008e800000, 0x000000008e900000, 0x000000008e900000|100%| E|CS|TAMS 0x000000008e800000| PB 0x000000008e800000| Complete |  0
| 155|0x000000008e900000, 0x000000008ea00000, 0x000000008ea00000|100%| E|CS|TAMS 0x000000008e900000| PB 0x000000008e900000| Complete |  0
| 156|0x000000008ea00000, 0x000000008eb00000, 0x000000008eb00000|100%| E|CS|TAMS 0x000000008ea00000| PB 0x000000008ea00000| Complete |  0
| 157|0x000000008eb00000, 0x000000008ec00000, 0x000000008ec00000|100%| E|CS|TAMS 0x000000008eb00000| PB 0x000000008eb00000| Complete |  0
| 158|0x000000008ec00000, 0x000000008ed00000, 0x000000008ed00000|100%| E|CS|TAMS 0x000000008ec00000| PB 0x000000008ec00000| Complete |  0
| 159|0x000000008ed00000, 0x000000008ee00000, 0x000000008ee00000|100%| E|CS|TAMS 0x000000008ed00000| PB 0x000000008ed00000| Complete |  0
| 160|0x000000008ee00000, 0x000000008ef00000, 0x000000008ef00000|100%| E|CS|TAMS 0x000000008ee00000| PB 0x000000008ee00000| Complete |  0
| 161|0x000000008ef00000, 0x000000008f000000, 0x000000008f000000|100%| E|CS|TAMS 0x000000008ef00000| PB 0x000000008ef00000| Complete |  0
| 162|0x000000008f000000, 0x000000008f100000, 0x000000008f100000|100%| E|CS|TAMS 0x000000008f000000| PB 0x000000008f000000| Complete |  0
| 163|0x000000008f100000, 0x000000008f200000, 0x000000008f200000|100%| E|CS|TAMS 0x000000008f100000| PB 0x000000008f100000| Complete |  0
|1964|0x00000000ffa00000, 0x00000000ffb00000, 0x00000000ffb00000|100%| O|  |TAMS 0x00000000ffa00000| PB 0x00000000ffa00000| Untracked |  0
|1965|0x00000000ffb00000, 0x00000000ffc00000, 0x00000000ffc00000|100%| O|  |TAMS 0x00000000ffb00000| PB 0x00000000ffb00000| Untracked |  0
|1966|0x00000000ffc00000, 0x00000000ffd00000, 0x00000000ffd00000|100%| O|  |TAMS 0x00000000ffc00000| PB 0x00000000ffc00000| Untracked |  0
|1967|0x00000000ffd00000, 0x00000000ffe00000, 0x00000000ffe00000|100%| O|  |TAMS 0x00000000ffd00000| PB 0x00000000ffd00000| Untracked |  0
|1968|0x00000000ffe00000, 0x00000000fff00000, 0x00000000fff00000|100%| O|  |TAMS 0x00000000ffe00000| PB 0x00000000ffe00000| Untracked |  0
|1969|0x00000000fff00000, 0x0000000100000000, 0x0000000100000000|100%| E|CS|TAMS 0x00000000fff00000| PB 0x00000000fff00000| Complete |  0

Card table byte_map: [0x000001b178380000,0x000001b178760000] _byte_map_base: 0x000001b177f59000

Marking Bits: (CMBitMap*) 0x000001b16f11eec0
 Bits: [0x000001b178760000, 0x000001b17a628000)

Polling page: 0x000001b16cf20000

Metaspace:
Metaspace        used 101842K, committed 102720K, reserved 1179648K
 class space     used 10890K, committed 11264K, reserved 1048576K

Usage:
  Non-class:     88.82 MB used.
      Class:     10.64 MB used.
       Both:     99.46 MB used.

Virtual space:
  Non-class space:      128.00 MB reserved,      89.31 MB ( 70%) committed,  2 nodes.
      Class space:        1.00 GB reserved,      11.00 MB (  1%) committed,  1 nodes.
             Both:        1.12 GB reserved,     100.31 MB (  9%) committed. 

Chunk freelists:
   Non-Class:  6.63 MB
       Class:  5.08 MB
        Both:  11.71 MB

MaxMetaspaceSize: unlimited
CompressedClassSpaceSize: 1.00 GB
Initial GC threshold: 21.00 MB
Current GC threshold: 167.00 MB
CDS: on
 - commit_granule_bytes: 65536.
 - commit_granule_words: 8192.
 - virtual_space_node_default_size: 8388608.
 - enlarge_chunks_in_place: 1.
UseCompressedClassPointers 1, UseCompactObjectHeaders 0
Narrow klass pointer bits 32, Max shift 3
Narrow klass base: 0x0000000037000000, Narrow klass shift: 0
Encoding Range: [0x0000000037000000 - 0x0000000137000000), (4294967296 bytes)
Klass Range:    [0x0000000037010000 - 0x0000000078000000), (1090453504 bytes)
Klass ID Range:  [65536 - 1090519033) (1090453497)
Protection zone: [0x0000000037000000 - 0x0000000037010000), (65536 bytes)


Internal statistics:

num_allocs_failed_limit: 11.
num_arena_births: 936.
num_arena_deaths: 252.
num_vsnodes_births: 3.
num_vsnodes_deaths: 0.
num_space_committed: 1605.
num_space_uncommitted: 0.
num_chunks_returned_to_freelist: 271.
num_chunks_taken_from_freelist: 4562.
num_chunk_merges: 63.
num_chunk_splits: 3349.
num_chunks_enlarged: 2788.
num_inconsistent_stats: 0.

CodeHeap 'non-profiled nmethods': size=120064Kb used=4957Kb max_used=8431Kb free=115106Kb
 bounds [0x000001b107ac0000, 0x000001b108300000, 0x000001b10f000000]
CodeHeap 'profiled nmethods': size=120000Kb used=9005Kb max_used=25487Kb free=110994Kb
 bounds [0x000001b100000000, 0x000001b1018f0000, 0x000001b107530000]
CodeHeap 'non-nmethods': size=5696Kb used=1721Kb max_used=1840Kb free=3974Kb
 bounds [0x000001b107530000, 0x000001b1077a0000, 0x000001b107ac0000]
CodeCache: size=245760Kb, used=15683Kb, max_used=35758Kb, free=230074Kb
 total_blobs=6184, nmethods=5356, adapters=729, full_count=0
Compilation: enabled, stopped_count=0, restarted_count=0

Compilation events (20 events):
Event: 19244.506 Thread 0x000001b17d0492d0 nmethod 18898 0x000001b100056a08 code [0x000001b100056b00, 0x000001b100056c08]
Event: 19311.685 Thread 0x000001b17d042d40 18899       4       java.security.MessageDigest::getInstance (119 bytes)
Event: 19311.913 Thread 0x000001b17d042d40 nmethod 18899 0x000001b107c7f208 code [0x000001b107c7f300, 0x000001b107c7ff80]
Event: 20164.257 Thread 0x000001b17d042d40 18900       4       java.net.DelegatingSocketImpl::setOption (10 bytes)
Event: 20164.409 Thread 0x000001b17d042d40 nmethod 18900 0x000001b107ac7b08 code [0x000001b107ac7c00, 0x000001b107ac7cf0]
Event: 20164.411 Thread 0x000001b17d042d40 18901   !   4       sun.nio.ch.NioSocketImpl::setOption (538 bytes)
Event: 20164.487 Thread 0x000001b17d042d40 nmethod 18901 0x000001b107c38388 code [0x000001b107c38480, 0x000001b107c38b08]
Event: 20403.761 Thread 0x000001b17d0492d0 18902       3       java.lang.ThreadLocal$ThreadLocalMap::<init> (53 bytes)
Event: 20403.801 Thread 0x000001b17d0492d0 nmethod 18902 0x000001b100083588 code [0x000001b100083680, 0x000001b100083d18]
Event: 20403.875 Thread 0x000001b17d042d40 18903       4       sun.security.ssl.Record::putInt16 (31 bytes)
Event: 20403.939 Thread 0x000001b17d042d40 nmethod 18903 0x000001b107b0ea88 code [0x000001b107b0eb80, 0x000001b107b0ed88]
Event: 20403.939 Thread 0x000001b17d042d40 18904       4       java.lang.Integer::numberOfTrailingZeros (80 bytes)
Event: 20403.943 Thread 0x000001b17d042d40 nmethod 18904 0x000001b107ad1308 code [0x000001b107ad1400, 0x000001b107ad14d8]
Event: 20471.729 Thread 0x000001b17d042d40 18905       4       java.io.WinNTFileSystem::getFileForWin32Calls (18 bytes)
Event: 20471.742 Thread 0x000001b17d042d40 nmethod 18905 0x000001b107ad8e88 code [0x000001b107ad8f80, 0x000001b107ad9058]
Event: 20471.742 Thread 0x000001b17d042d40 18906       4       java.io.File::isDirectory (18 bytes)
Event: 20471.819 Thread 0x000001b17d042d40 nmethod 18906 0x000001b107b26508 code [0x000001b107b26600, 0x000001b107b26b10]
Event: 20472.183 Thread 0x000001b17d0492d0 18907       3       org.springframework.boot.devtools.filewatch.DirectorySnapshot::collectFiles (99 bytes)
Event: 20472.210 Thread 0x000001b17d0492d0 nmethod 18907 0x000001b100241508 code [0x000001b100241600, 0x000001b100242858]
Event: 20492.146 Thread 0x000001b17d042d40 18908       4       java.util.AbstractCollection::containsAll (38 bytes)

GC Heap Usage History (20 events):
Event: 292.594 {heap Before GC invocations=56 (full 0):
 garbage-first heap   total reserved 2017280K, committed 183296K, used 151342K [0x0000000084e00000, 0x0000000100000000)
  region size 1024K, 85 young (87040K), 6 survivors (6144K)
}
Event: 292.598 {heap After GC invocations=57 (full 0):
 garbage-first heap   total reserved 2017280K, committed 183296K, used 66560K [0x0000000084e00000, 0x0000000100000000)
  region size 1024K, 1 young (1024K), 1 survivors (1024K)
}
Event: 5164.568 {heap Before GC invocations=57 (full 0):
 garbage-first heap   total reserved 2017280K, committed 183296K, used 167936K [0x0000000084e00000, 0x0000000100000000)
  region size 1024K, 100 young (102400K), 1 survivors (1024K)
}
Event: 5164.617 {heap After GC invocations=58 (full 0):
 garbage-first heap   total reserved 2017280K, committed 183296K, used 56306K [0x0000000084e00000, 0x0000000100000000)
  region size 1024K, 1 young (1024K), 1 survivors (1024K)
}
Event: 6491.369 {heap Before GC invocations=58 (full 0):
 garbage-first heap   total reserved 2017280K, committed 183296K, used 164850K [0x0000000084e00000, 0x0000000100000000)
  region size 1024K, 107 young (109568K), 1 survivors (1024K)
}
Event: 6491.444 {heap After GC invocations=59 (full 0):
 garbage-first heap   total reserved 2017280K, committed 183296K, used 56418K [0x0000000084e00000, 0x0000000100000000)
  region size 1024K, 1 young (1024K), 1 survivors (1024K)
}
Event: 7920.378 {heap Before GC invocations=60 (full 0):
 garbage-first heap   total reserved 2017280K, committed 183296K, used 164962K [0x0000000084e00000, 0x0000000100000000)
  region size 1024K, 107 young (109568K), 1 survivors (1024K)
}
Event: 7920.395 {heap After GC invocations=61 (full 0):
 garbage-first heap   total reserved 2017280K, committed 183296K, used 56471K [0x0000000084e00000, 0x0000000100000000)
  region size 1024K, 2 young (2048K), 2 survivors (2048K)
}
Event: 9241.585 {heap Before GC invocations=61 (full 0):
 garbage-first heap   total reserved 2017280K, committed 183296K, used 163991K [0x0000000084e00000, 0x0000000100000000)
  region size 1024K, 107 young (109568K), 2 survivors (2048K)
}
Event: 9241.686 {heap After GC invocations=62 (full 0):
 garbage-first heap   total reserved 2017280K, committed 183296K, used 51475K [0x0000000084e00000, 0x0000000100000000)
  region size 1024K, 1 young (1024K), 1 survivors (1024K)
}
Event: 10560.717 {heap Before GC invocations=62 (full 0):
 garbage-first heap   total reserved 2017280K, committed 183296K, used 160019K [0x0000000084e00000, 0x0000000100000000)
  region size 1024K, 107 young (109568K), 1 survivors (1024K)
}
Event: 10560.757 {heap After GC invocations=63 (full 0):
 garbage-first heap   total reserved 2017280K, committed 183296K, used 51616K [0x0000000084e00000, 0x0000000100000000)
  region size 1024K, 2 young (2048K), 2 survivors (2048K)
}
Event: 11826.445 {heap Before GC invocations=64 (full 0):
 garbage-first heap   total reserved 2017280K, committed 178176K, used 156064K [0x0000000084e00000, 0x0000000100000000)
  region size 1024K, 104 young (106496K), 2 survivors (2048K)
}
Event: 11826.461 {heap After GC invocations=65 (full 0):
 garbage-first heap   total reserved 2017280K, committed 178176K, used 51640K [0x0000000084e00000, 0x0000000100000000)
  region size 1024K, 2 young (2048K), 2 survivors (2048K)
}
Event: 17070.456 {heap Before GC invocations=65 (full 0):
 garbage-first heap   total reserved 2017280K, committed 178176K, used 156088K [0x0000000084e00000, 0x0000000100000000)
  region size 1024K, 104 young (106496K), 2 survivors (2048K)
}
Event: 17070.517 {heap After GC invocations=66 (full 0):
 garbage-first heap   total reserved 2017280K, committed 178176K, used 50294K [0x0000000084e00000, 0x0000000100000000)
  region size 1024K, 2 young (2048K), 2 survivors (2048K)
}
Event: 18323.911 {heap Before GC invocations=66 (full 0):
 garbage-first heap   total reserved 2017280K, committed 178176K, used 154742K [0x0000000084e00000, 0x0000000100000000)
  region size 1024K, 104 young (106496K), 2 survivors (2048K)
}
Event: 18323.973 {heap After GC invocations=67 (full 0):
 garbage-first heap   total reserved 2017280K, committed 178176K, used 50288K [0x0000000084e00000, 0x0000000100000000)
  region size 1024K, 2 young (2048K), 2 survivors (2048K)
}
Event: 19552.976 {heap Before GC invocations=68 (full 0):
 garbage-first heap   total reserved 2017280K, committed 174080K, used 152688K [0x0000000084e00000, 0x0000000100000000)
  region size 1024K, 102 young (104448K), 2 survivors (2048K)
}
Event: 19553.075 {heap After GC invocations=69 (full 0):
 garbage-first heap   total reserved 2017280K, committed 174080K, used 50315K [0x0000000084e00000, 0x0000000100000000)
  region size 1024K, 2 young (2048K), 2 survivors (2048K)
}

Metaspace Usage History (20 events):
Event: 292.594 {metaspace Before GC invocations=56 (full 0):
 Metaspace       used 101738K, committed 102400K, reserved 1179648K
  class space    used 10951K, committed 11264K, reserved 1048576K
}
Event: 292.598 {metaspace After GC invocations=57 (full 0):
 Metaspace       used 101738K, committed 102400K, reserved 1179648K
  class space    used 10951K, committed 11264K, reserved 1048576K
}
Event: 5164.568 {metaspace Before GC invocations=57 (full 0):
 Metaspace       used 101851K, committed 102528K, reserved 1179648K
  class space    used 10955K, committed 11264K, reserved 1048576K
}
Event: 5164.617 {metaspace After GC invocations=58 (full 0):
 Metaspace       used 101851K, committed 102528K, reserved 1179648K
  class space    used 10955K, committed 11264K, reserved 1048576K
}
Event: 6491.369 {metaspace Before GC invocations=58 (full 0):
 Metaspace       used 101923K, committed 102592K, reserved 1179648K
  class space    used 10955K, committed 11264K, reserved 1048576K
}
Event: 6491.445 {metaspace After GC invocations=59 (full 0):
 Metaspace       used 101923K, committed 102592K, reserved 1179648K
  class space    used 10955K, committed 11264K, reserved 1048576K
}
Event: 7920.378 {metaspace Before GC invocations=60 (full 0):
 Metaspace       used 101721K, committed 102592K, reserved 1179648K
  class space    used 10890K, committed 11264K, reserved 1048576K
}
Event: 7920.395 {metaspace After GC invocations=61 (full 0):
 Metaspace       used 101721K, committed 102592K, reserved 1179648K
  class space    used 10890K, committed 11264K, reserved 1048576K
}
Event: 9241.586 {metaspace Before GC invocations=61 (full 0):
 Metaspace       used 101741K, committed 102656K, reserved 1179648K
  class space    used 10890K, committed 11264K, reserved 1048576K
}
Event: 9241.686 {metaspace After GC invocations=62 (full 0):
 Metaspace       used 101741K, committed 102656K, reserved 1179648K
  class space    used 10890K, committed 11264K, reserved 1048576K
}
Event: 10560.717 {metaspace Before GC invocations=62 (full 0):
 Metaspace       used 101764K, committed 102656K, reserved 1179648K
  class space    used 10890K, committed 11264K, reserved 1048576K
}
Event: 10560.757 {metaspace After GC invocations=63 (full 0):
 Metaspace       used 101764K, committed 102656K, reserved 1179648K
  class space    used 10890K, committed 11264K, reserved 1048576K
}
Event: 11826.445 {metaspace Before GC invocations=64 (full 0):
 Metaspace       used 101786K, committed 102656K, reserved 1179648K
  class space    used 10890K, committed 11264K, reserved 1048576K
}
Event: 11826.461 {metaspace After GC invocations=65 (full 0):
 Metaspace       used 101786K, committed 102656K, reserved 1179648K
  class space    used 10890K, committed 11264K, reserved 1048576K
}
Event: 17070.456 {metaspace Before GC invocations=65 (full 0):
 Metaspace       used 101817K, committed 102720K, reserved 1179648K
  class space    used 10890K, committed 11264K, reserved 1048576K
}
Event: 17070.517 {metaspace After GC invocations=66 (full 0):
 Metaspace       used 101817K, committed 102720K, reserved 1179648K
  class space    used 10890K, committed 11264K, reserved 1048576K
}
Event: 18323.911 {metaspace Before GC invocations=66 (full 0):
 Metaspace       used 101827K, committed 102720K, reserved 1179648K
  class space    used 10890K, committed 11264K, reserved 1048576K
}
Event: 18323.973 {metaspace After GC invocations=67 (full 0):
 Metaspace       used 101827K, committed 102720K, reserved 1179648K
  class space    used 10890K, committed 11264K, reserved 1048576K
}
Event: 19552.977 {metaspace Before GC invocations=68 (full 0):
 Metaspace       used 101842K, committed 102720K, reserved 1179648K
  class space    used 10890K, committed 11264K, reserved 1048576K
}
Event: 19553.075 {metaspace After GC invocations=69 (full 0):
 Metaspace       used 101842K, committed 102720K, reserved 1179648K
  class space    used 10890K, committed 11264K, reserved 1048576K
}

Dll operation events (11 events):
Event: 0.013 Loaded shared library C:\Program Files\Java\jdk-25\bin\java.dll
Event: 0.137 Loaded shared library C:\Program Files\Java\jdk-25\bin\zip.dll
Event: 0.142 Loaded shared library C:\Program Files\Java\jdk-25\bin\instrument.dll
Event: 0.148 Loaded shared library C:\Program Files\Java\jdk-25\bin\net.dll
Event: 0.149 Loaded shared library C:\Program Files\Java\jdk-25\bin\nio.dll
Event: 0.153 Loaded shared library C:\Program Files\Java\jdk-25\bin\zip.dll
Event: 0.428 Loaded shared library C:\Program Files\Java\jdk-25\bin\extnet.dll
Event: 0.460 Loaded shared library C:\Program Files\Java\jdk-25\bin\jimage.dll
Event: 0.884 Loaded shared library C:\Program Files\Java\jdk-25\bin\management.dll
Event: 0.885 Loaded shared library C:\Program Files\Java\jdk-25\bin\management_ext.dll
Event: 1.616 Loaded shared library C:\Program Files\Java\jdk-25\bin\sunmscapi.dll

Deoptimization events (20 events):
Event: 20472.168 Thread 0x000001b17e012440 Uncommon trap: trap_request=0xffffffc6 fr.pc=0x000001b1082bfc60 relative=0x0000000000000ce0
Event: 20472.169 Thread 0x000001b17e012440 Uncommon trap: reason=bimorphic_or_optimized_type_check action=maybe_recompile pc=0x000001b1082bfc60 method=java.util.AbstractCollection.containsAll(Ljava/util/Collection;)Z @ 25 c2
Event: 20472.169 Thread 0x000001b17e012440 DEOPT PACKING pc=0x000001b1082bfc60 sp=0x000000a724cff470
Event: 20472.169 Thread 0x000001b17e012440 DEOPT UNPACKING pc=0x000001b107651402 sp=0x000000a724cff418 mode 2
Event: 20472.174 Thread 0x000001b17e012440 Uncommon trap: trap_request=0xffffff45 fr.pc=0x000001b1082e5290 relative=0x0000000000000290
Event: 20472.174 Thread 0x000001b17e012440 Uncommon trap: reason=unstable_if action=reinterpret pc=0x000001b1082e5290 method=java.util.AbstractSet.equals(Ljava/lang/Object;)Z @ 31 c2
Event: 20472.174 Thread 0x000001b17e012440 DEOPT PACKING pc=0x000001b1082e5290 sp=0x000000a724cff3e0
Event: 20472.174 Thread 0x000001b17e012440 DEOPT UNPACKING pc=0x000001b107651402 sp=0x000000a724cff368 mode 2
Event: 20472.606 Thread 0x000001b17e012440 Uncommon trap: trap_request=0xffffffc6 fr.pc=0x000001b1082bfc60 relative=0x0000000000000ce0
Event: 20472.606 Thread 0x000001b17e012440 Uncommon trap: reason=bimorphic_or_optimized_type_check action=maybe_recompile pc=0x000001b1082bfc60 method=java.util.AbstractCollection.containsAll(Ljava/util/Collection;)Z @ 25 c2
Event: 20472.606 Thread 0x000001b17e012440 DEOPT PACKING pc=0x000001b1082bfc60 sp=0x000000a724cff480
Event: 20472.606 Thread 0x000001b17e012440 DEOPT UNPACKING pc=0x000001b107651402 sp=0x000000a724cff428 mode 2
Event: 20484.438 Thread 0x000001b17e012440 Uncommon trap: trap_request=0xffffffc6 fr.pc=0x000001b1082bfc60 relative=0x0000000000000ce0
Event: 20484.438 Thread 0x000001b17e012440 Uncommon trap: reason=bimorphic_or_optimized_type_check action=maybe_recompile pc=0x000001b1082bfc60 method=java.util.AbstractCollection.containsAll(Ljava/util/Collection;)Z @ 25 c2
Event: 20484.438 Thread 0x000001b17e012440 DEOPT PACKING pc=0x000001b1082bfc60 sp=0x000000a724cff480
Event: 20484.438 Thread 0x000001b17e012440 DEOPT UNPACKING pc=0x000001b107651402 sp=0x000000a724cff428 mode 2
Event: 20484.855 Thread 0x000001b17e012440 Uncommon trap: trap_request=0xffffffc6 fr.pc=0x000001b1082bfc60 relative=0x0000000000000ce0
Event: 20484.855 Thread 0x000001b17e012440 Uncommon trap: reason=bimorphic_or_optimized_type_check action=maybe_recompile pc=0x000001b1082bfc60 method=java.util.AbstractCollection.containsAll(Ljava/util/Collection;)Z @ 25 c2
Event: 20484.855 Thread 0x000001b17e012440 DEOPT PACKING pc=0x000001b1082bfc60 sp=0x000000a724cff480
Event: 20484.855 Thread 0x000001b17e012440 DEOPT UNPACKING pc=0x000001b107651402 sp=0x000000a724cff428 mode 2

Classes loaded (20 events):
Event: 15.364 Loading class org/w3c/dom/Node
Event: 15.364 Loading class org/w3c/dom/Node done
Event: 15.364 Loading class org/w3c/dom/Document
Event: 15.365 Loading class org/w3c/dom/Document done
Event: 22.695 Loading class java/io/PushbackInputStream
Event: 22.696 Loading class java/io/PushbackInputStream done
Event: 22.745 Loading class java/lang/invoke/MethodHandleImpl$WrappedMember
Event: 22.745 Loading class java/lang/invoke/MethodHandleImpl$WrappedMember done
Event: 25.193 Loading class java/util/concurrent/locks/AbstractQueuedLongSynchronizer$Node
Event: 25.194 Loading class java/util/concurrent/locks/AbstractQueuedLongSynchronizer$Node done
Event: 27.787 Loading class sun/util/locale/LocaleExtensions
Event: 27.788 Loading class sun/util/locale/LocaleExtensions done
Event: 29.241 Loading class java/nio/channels/InterruptedByTimeoutException
Event: 29.242 Loading class java/nio/channels/InterruptedByTimeoutException done
Event: 4773.293 Loading class sun/security/ssl/Alert
Event: 4773.536 Loading class sun/security/ssl/Alert done
Event: 4773.631 Loading class sun/security/ssl/Alert$AlertConsumer
Event: 4773.774 Loading class sun/security/ssl/Alert$AlertConsumer done
Event: 4773.780 Loading class sun/security/ssl/Alert$Level
Event: 4773.808 Loading class sun/security/ssl/Alert$Level done

Classes unloaded (20 events):
Event: 6491.743 Thread 0x000001b17d022b10 Unloading class 0x00000000381bc400 'java/lang/invoke/LambdaForm$DMH+0x00000000381bc400'
Event: 6491.743 Thread 0x000001b17d022b10 Unloading class 0x00000000381a0000 'java/lang/invoke/LambdaForm$MH+0x00000000381a0000'
Event: 6491.744 Thread 0x000001b17d022b10 Unloading class 0x000000003814d800 'java/lang/invoke/LambdaForm$MH+0x000000003814d800'
Event: 6491.744 Thread 0x000001b17d022b10 Unloading class 0x000000003814d400 'java/lang/invoke/LambdaForm$MH+0x000000003814d400'
Event: 6491.744 Thread 0x000001b17d022b10 Unloading class 0x000000003814d000 'java/lang/invoke/LambdaForm$BMH+0x000000003814d000'
Event: 6491.745 Thread 0x000001b17d022b10 Unloading class 0x0000000038110400 'java/lang/invoke/LambdaForm$MH+0x0000000038110400'
Event: 6491.745 Thread 0x000001b17d022b10 Unloading class 0x0000000038110000 'java/lang/invoke/LambdaForm$MH+0x0000000038110000'
Event: 6491.745 Thread 0x000001b17d022b10 Unloading class 0x00000000380bd800 'java/lang/invoke/LambdaForm$MH+0x00000000380bd800'
Event: 6491.746 Thread 0x000001b17d022b10 Unloading class 0x00000000380bd400 'java/lang/invoke/LambdaForm$MH+0x00000000380bd400'
Event: 6491.746 Thread 0x000001b17d022b10 Unloading class 0x00000000380bd000 'java/lang/invoke/LambdaForm$MH+0x00000000380bd000'
Event: 6491.746 Thread 0x000001b17d022b10 Unloading class 0x00000000380a8000 'java/lang/invoke/LambdaForm$DMH+0x00000000380a8000'
Event: 6491.747 Thread 0x000001b17d022b10 Unloading class 0x0000000038088800 'java/lang/invoke/LambdaForm$MH+0x0000000038088800'
Event: 6491.747 Thread 0x000001b17d022b10 Unloading class 0x0000000038088400 'java/lang/invoke/LambdaForm$MH+0x0000000038088400'
Event: 6491.747 Thread 0x000001b17d022b10 Unloading class 0x0000000038088000 'java/lang/invoke/LambdaForm$MH+0x0000000038088000'
Event: 6491.747 Thread 0x000001b17d022b10 Unloading class 0x0000000038080800 'java/lang/invoke/LambdaForm$MH+0x0000000038080800'
Event: 6491.748 Thread 0x000001b17d022b10 Unloading class 0x0000000038060c00 'java/lang/invoke/LambdaForm$BMH+0x0000000038060c00'
Event: 6491.748 Thread 0x000001b17d022b10 Unloading class 0x0000000038042000 'java/lang/invoke/LambdaForm$MH+0x0000000038042000'
Event: 6491.748 Thread 0x000001b17d022b10 Unloading class 0x0000000038041c00 'java/lang/invoke/LambdaForm$MH+0x0000000038041c00'
Event: 6491.748 Thread 0x000001b17d022b10 Unloading class 0x0000000038041800 'java/lang/invoke/LambdaForm$MH+0x0000000038041800'
Event: 6491.748 Thread 0x000001b17d022b10 Unloading class 0x0000000038041000 'java/lang/invoke/LambdaForm$MH+0x0000000038041000'

Classes redefined (0 events):
No events

Internal exceptions (20 events):
Event: 4774.066 Thread 0x000001b113b72410 Exception <a 'java/io/IOException'{0x000000008baaf540}> (0x000000008baaf540) 
thrown [s\open\src\hotspot\share\prims\jni.cpp, line 516]
Event: 4774.274 Thread 0x000001b113b74350 Implicit null exception at 0x000001b1080ee538 to 0x000001b1080ef1f4
Event: 4774.464 Thread 0x000001b113b74350 Implicit null exception at 0x000001b1080efbe1 to 0x000001b1080f0638
Event: 4774.478 Thread 0x000001b113b74350 Implicit null exception at 0x000001b1080d45c4 to 0x000001b1080d4cb0
Event: 7944.144 Thread 0x000001b113b74b20 Exception <a 'java/io/IOException'{0x00000000ff804560}> (0x00000000ff804560) 
thrown [s\open\src\hotspot\share\prims\jni.cpp, line 516]
Event: 15981.594 Thread 0x000001b113b75ac0 Exception <a 'java/io/IOException'{0x000000008e8203e0}> (0x000000008e8203e0) 
thrown [s\open\src\hotspot\share\prims\jni.cpp, line 516]
Event: 15981.642 Thread 0x000001b113b75ac0 Exception <a 'java/io/IOException'{0x000000008e821358}> (0x000000008e821358) 
thrown [s\open\src\hotspot\share\prims\jni.cpp, line 516]
Event: 15981.672 Thread 0x000001b113b75ac0 Exception <a 'java/io/IOException'{0x000000008e823490}> (0x000000008e823490) 
thrown [s\open\src\hotspot\share\prims\jni.cpp, line 516]
Event: 15981.672 Thread 0x000001b113b75ac0 Exception <a 'java/io/IOException'{0x000000008e8240f8}> (0x000000008e8240f8) 
thrown [s\open\src\hotspot\share\prims\jni.cpp, line 516]
Event: 15981.677 Thread 0x000001b113b75ac0 Exception <a 'java/net/SocketException'{0x000000008e827028}: Connection reset by peer: shutdown> (0x000000008e827028) 
thrown [s\open\src\hotspot\share\prims\jni.cpp, line 534]
Event: 15981.711 Thread 0x000001b113b75ac0 Exception <a 'java/io/IOException'{0x000000008e82ac08}> (0x000000008e82ac08) 
thrown [s\open\src\hotspot\share\prims\jni.cpp, line 516]
Event: 15981.712 Thread 0x000001b113b75ac0 Exception <a 'java/io/IOException'{0x000000008e82b870}> (0x000000008e82b870) 
thrown [s\open\src\hotspot\share\prims\jni.cpp, line 516]
Event: 15981.716 Thread 0x000001b113b75ac0 Exception <a 'java/io/IOException'{0x000000008e82e7b0}> (0x000000008e82e7b0) 
thrown [s\open\src\hotspot\share\prims\jni.cpp, line 516]
Event: 15981.717 Thread 0x000001b113b75ac0 Exception <a 'java/io/IOException'{0x000000008e82f418}> (0x000000008e82f418) 
thrown [s\open\src\hotspot\share\prims\jni.cpp, line 516]
Event: 15981.720 Thread 0x000001b113b75ac0 Exception <a 'java/io/IOException'{0x000000008e831200}> (0x000000008e831200) 
thrown [s\open\src\hotspot\share\prims\jni.cpp, line 516]
Event: 15981.721 Thread 0x000001b113b75ac0 Exception <a 'java/io/IOException'{0x000000008e831e68}> (0x000000008e831e68) 
thrown [s\open\src\hotspot\share\prims\jni.cpp, line 516]
Event: 18861.485 Thread 0x000001b113b704d0 Exception <a 'java/io/IOException'{0x000000008c8011f8}> (0x000000008c8011f8) 
thrown [s\open\src\hotspot\share\prims\jni.cpp, line 516]
Event: 18861.582 Thread 0x000001b113b704d0 Exception <a 'java/io/IOException'{0x000000008c802170}> (0x000000008c802170) 
thrown [s\open\src\hotspot\share\prims\jni.cpp, line 516]
Event: 20403.467 Thread 0x000001b113b73b80 Exception <a 'java/io/IOException'{0x000000008b001c70}> (0x000000008b001c70) 
thrown [s\open\src\hotspot\share\prims\jni.cpp, line 516]
Event: 20403.524 Thread 0x000001b113b73b80 Exception <a 'java/io/IOException'{0x000000008b002be8}> (0x000000008b002be8) 
thrown [s\open\src\hotspot\share\prims\jni.cpp, line 516]

VM Operations (20 events):
Event: 9241.578 Executing safepoint VM operation: G1CollectForAllocation (G1 Evacuation Pause)
Event: 9241.687 Executing safepoint VM operation: G1CollectForAllocation (G1 Evacuation Pause) done
Event: 10560.716 Executing safepoint VM operation: G1CollectForAllocation (G1 Evacuation Pause)
Event: 10560.757 Executing safepoint VM operation: G1CollectForAllocation (G1 Evacuation Pause) done
Event: 10561.064 Executing safepoint VM operation: G1PauseRemark
Event: 10561.212 Executing safepoint VM operation: G1PauseRemark done
Event: 10561.231 Executing safepoint VM operation: G1PauseCleanup
Event: 10561.231 Executing safepoint VM operation: G1PauseCleanup done
Event: 11826.445 Executing safepoint VM operation: G1CollectForAllocation (G1 Evacuation Pause)
Event: 11826.461 Executing safepoint VM operation: G1CollectForAllocation (G1 Evacuation Pause) done
Event: 17070.455 Executing safepoint VM operation: G1CollectForAllocation (G1 Evacuation Pause)
Event: 17070.517 Executing safepoint VM operation: G1CollectForAllocation (G1 Evacuation Pause) done
Event: 18323.908 Executing safepoint VM operation: G1CollectForAllocation (G1 Evacuation Pause)
Event: 18323.973 Executing safepoint VM operation: G1CollectForAllocation (G1 Evacuation Pause) done
Event: 18324.286 Executing safepoint VM operation: G1PauseRemark
Event: 18324.639 Executing safepoint VM operation: G1PauseRemark done
Event: 18324.661 Executing safepoint VM operation: G1PauseCleanup
Event: 18324.662 Executing safepoint VM operation: G1PauseCleanup done
Event: 19552.960 Executing safepoint VM operation: G1CollectForAllocation (G1 Evacuation Pause)
Event: 19553.077 Executing safepoint VM operation: G1CollectForAllocation (G1 Evacuation Pause) done

Memory protections (0 events):
No events

Nmethod flushes (20 events):
Event: 18324.628 Thread 0x000001b17d022b10 flushing  nmethod 0x000001b1016cdd08
Event: 18324.628 Thread 0x000001b17d022b10 flushing  nmethod 0x000001b1016fc208
Event: 18324.628 Thread 0x000001b17d022b10 flushing  nmethod 0x000001b1016fc688
Event: 18324.628 Thread 0x000001b17d022b10 flushing  nmethod 0x000001b1016ff408
Event: 18324.628 Thread 0x000001b17d022b10 flushing  nmethod 0x000001b1016ff788
Event: 18324.628 Thread 0x000001b17d022b10 flushing  nmethod 0x000001b101701188
Event: 18324.628 Thread 0x000001b17d022b10 flushing  nmethod 0x000001b101701788
Event: 18324.628 Thread 0x000001b17d022b10 flushing  nmethod 0x000001b101701a88
Event: 18324.628 Thread 0x000001b17d022b10 flushing  nmethod 0x000001b10172ec08
Event: 18324.628 Thread 0x000001b17d022b10 flushing  nmethod 0x000001b10172f788
Event: 18324.628 Thread 0x000001b17d022b10 flushing  nmethod 0x000001b10172fc08
Event: 18324.628 Thread 0x000001b17d022b10 flushing  nmethod 0x000001b10172ff08
Event: 18324.628 Thread 0x000001b17d022b10 flushing  nmethod 0x000001b101730588
Event: 18324.628 Thread 0x000001b17d022b10 flushing  nmethod 0x000001b101734988
Event: 18324.628 Thread 0x000001b17d022b10 flushing  nmethod 0x000001b101736408
Event: 18324.628 Thread 0x000001b17d022b10 flushing  nmethod 0x000001b101737a08
Event: 18324.628 Thread 0x000001b17d022b10 flushing  nmethod 0x000001b1017e2308
Event: 18324.628 Thread 0x000001b17d022b10 flushing  nmethod 0x000001b1017e2608
Event: 18324.628 Thread 0x000001b17d022b10 flushing  nmethod 0x000001b1017e2908
Event: 18324.628 Thread 0x000001b17d022b10 flushing  nmethod 0x000001b1017e5108

Events (20 events):
Event: 19147.312 Thread 0x000001b17e00e5c0 Thread added: 0x000001b113b72be0
Event: 19147.327 Thread 0x000001b113b72be0 Thread added: 0x000001b113b71470
Event: 19152.340 Thread 0x000001b113b72be0 Thread exited: 0x000001b113b72be0
Event: 19152.456 Thread 0x000001b113b71470 Thread exited: 0x000001b113b71470
Event: 19157.689 Thread 0x000001b17e00e5c0 Thread added: 0x000001b113b71470
Event: 19157.702 Thread 0x000001b113b71470 Thread added: 0x000001b113b73b80
Event: 19165.088 Thread 0x000001b113b71470 Thread exited: 0x000001b113b71470
Event: 19165.155 Thread 0x000001b113b73b80 Thread exited: 0x000001b113b73b80
Event: 19244.476 Thread 0x000001b17e00e5c0 Thread added: 0x000001b113b72be0
Event: 19244.481 Thread 0x000001b113b72be0 Thread added: 0x000001b113b71470
Event: 19249.493 Thread 0x000001b113b72be0 Thread exited: 0x000001b113b72be0
Event: 19249.575 Thread 0x000001b113b71470 Thread exited: 0x000001b113b71470
Event: 19311.636 Thread 0x000001b17e00e5c0 Thread added: 0x000001b113b72be0
Event: 19311.645 Thread 0x000001b113b72be0 Thread added: 0x000001b113b704d0
Event: 19316.649 Thread 0x000001b113b72be0 Thread exited: 0x000001b113b72be0
Event: 19316.748 Thread 0x000001b113b704d0 Thread exited: 0x000001b113b704d0
Event: 20403.370 Thread 0x000001b17e00e5c0 Thread added: 0x000001b113b73b80
Event: 20403.551 Thread 0x000001b113b73b80 Thread added: 0x000001b113b71470
Event: 20408.573 Thread 0x000001b113b73b80 Thread exited: 0x000001b113b73b80
Event: 20409.197 Thread 0x000001b113b71470 Thread exited: 0x000001b113b71470


Dynamic libraries:
0x00007ff6d9120000 - 0x00007ff6d9130000 	C:\Program Files\Java\jdk-25\bin\java.exe
0x00007ffef2c20000 - 0x00007ffef2e87000 	C:\WINDOWS\SYSTEM32\ntdll.dll
0x00007ffef1f40000 - 0x00007ffef2009000 	C:\WINDOWS\System32\KERNEL32.DLL
0x00007ffef0350000 - 0x00007ffef073f000 	C:\WINDOWS\System32\KERNELBASE.dll
0x00007ffeefd70000 - 0x00007ffeefebb000 	C:\WINDOWS\System32\ucrtbase.dll
0x00007ffede140000 - 0x00007ffede157000 	C:\Program Files\Java\jdk-25\bin\jli.dll
0x00007ffede160000 - 0x00007ffede17e000 	C:\Program Files\Java\jdk-25\bin\VCRUNTIME140.dll
0x00007ffef20e0000 - 0x00007ffef22a5000 	C:\WINDOWS\System32\USER32.dll
0x00007ffed83c0000 - 0x00007ffed8653000 	C:\WINDOWS\WinSxS\amd64_microsoft.windows.common-controls_6595b64144ccf1df_6.0.26100.7309_none_3e05feeae336a044\COMCTL32.dll
0x00007ffeefec0000 - 0x00007ffeefee7000 	C:\WINDOWS\System32\win32u.dll
0x00007ffef2b20000 - 0x00007ffef2bc9000 	C:\WINDOWS\System32\msvcrt.dll
0x00007ffef22b0000 - 0x00007ffef22db000 	C:\WINDOWS\System32\GDI32.dll
0x00007ffef0890000 - 0x00007ffef09bc000 	C:\WINDOWS\System32\gdi32full.dll
0x00007ffef07e0000 - 0x00007ffef0883000 	C:\WINDOWS\System32\msvcp_win.dll
0x00007ffef20a0000 - 0x00007ffef20d1000 	C:\WINDOWS\System32\IMM32.DLL
0x00007ffede1c0000 - 0x00007ffede1cc000 	C:\Program Files\Java\jdk-25\bin\vcruntime140_1.dll
0x00007ffede0b0000 - 0x00007ffede13d000 	C:\Program Files\Java\jdk-25\bin\msvcp140.dll
0x00007ffe38160000 - 0x00007ffe38fbf000 	C:\Program Files\Java\jdk-25\bin\server\jvm.dll
0x00007ffef26d0000 - 0x00007ffef2784000 	C:\WINDOWS\System32\ADVAPI32.dll
0x00007ffef1900000 - 0x00007ffef19a6000 	C:\WINDOWS\System32\sechost.dll
0x00007ffef09c0000 - 0x00007ffef0ad8000 	C:\WINDOWS\System32\RPCRT4.dll
0x00007ffef1a30000 - 0x00007ffef1aa4000 	C:\WINDOWS\System32\WS2_32.dll
0x00007ffee7200000 - 0x00007ffee7235000 	C:\WINDOWS\SYSTEM32\WINMM.dll
0x00007ffeefbf0000 - 0x00007ffeefc4e000 	C:\WINDOWS\SYSTEM32\POWRPROF.dll
0x00007ffed9350000 - 0x00007ffed935b000 	C:\WINDOWS\SYSTEM32\VERSION.dll
0x00007ffeefbd0000 - 0x00007ffeefbe4000 	C:\WINDOWS\SYSTEM32\UMPDC.dll
0x00007ffeeeae0000 - 0x00007ffeeeafb000 	C:\WINDOWS\SYSTEM32\kernel.appcore.dll
0x00007ffede0a0000 - 0x00007ffede0aa000 	C:\Program Files\Java\jdk-25\bin\jimage.dll
0x00007ffeed3a0000 - 0x00007ffeed5e2000 	C:\WINDOWS\SYSTEM32\DBGHELP.DLL
0x00007ffef2790000 - 0x00007ffef2b16000 	C:\WINDOWS\System32\combase.dll
0x00007ffef22e0000 - 0x00007ffef23b6000 	C:\WINDOWS\System32\OLEAUT32.dll
0x00007ffed4ba0000 - 0x00007ffed4bdc000 	C:\WINDOWS\SYSTEM32\dbgcore.DLL
0x00007ffeefef0000 - 0x00007ffeeff95000 	C:\WINDOWS\System32\bcryptPrimitives.dll
0x00007ffede030000 - 0x00007ffede040000 	C:\Program Files\Java\jdk-25\bin\instrument.dll
0x00007ffede080000 - 0x00007ffede09f000 	C:\Program Files\Java\jdk-25\bin\java.dll
0x00007ffef0ae0000 - 0x00007ffef0c77000 	C:\WINDOWS\System32\ole32.dll
0x00007ffef0d20000 - 0x00007ffef1473000 	C:\WINDOWS\System32\SHELL32.dll
0x00007ffef0060000 - 0x00007ffef01ca000 	C:\WINDOWS\System32\wintypes.dll
0x00007ffeed930000 - 0x00007ffeee18e000 	C:\WINDOWS\SYSTEM32\windows.storage.dll
0x00007ffef1480000 - 0x00007ffef1575000 	C:\WINDOWS\System32\SHCORE.dll
0x00007ffef23c0000 - 0x00007ffef2426000 	C:\WINDOWS\System32\shlwapi.dll
0x00007ffeefc90000 - 0x00007ffeefcb9000 	C:\WINDOWS\SYSTEM32\profapi.dll
0x00007ffebbab0000 - 0x00007ffebbac7000 	C:\Program Files\Java\jdk-25\bin\zip.dll
0x00007ffede060000 - 0x00007ffede072000 	C:\Program Files\Java\jdk-25\bin\net.dll
0x00007ffeef030000 - 0x00007ffeef09b000 	C:\WINDOWS\system32\mswsock.dll
0x00007ffede040000 - 0x00007ffede056000 	C:\Program Files\Java\jdk-25\bin\nio.dll
0x00007ffecb8d0000 - 0x00007ffecb8d9000 	C:\Program Files\Java\jdk-25\bin\extnet.dll
0x00007ffecb880000 - 0x00007ffecb88a000 	C:\Program Files\Java\jdk-25\bin\management.dll
0x00007ffecb290000 - 0x00007ffecb29c000 	C:\Program Files\Java\jdk-25\bin\management_ext.dll
0x00007ffef2010000 - 0x00007ffef2018000 	C:\WINDOWS\System32\PSAPI.DLL
0x00007ffed0d50000 - 0x00007ffed0d5e000 	C:\Program Files\Java\jdk-25\bin\sunmscapi.dll
0x00007ffef01d0000 - 0x00007ffef0347000 	C:\WINDOWS\System32\CRYPT32.dll
0x00007ffeef570000 - 0x00007ffeef5a0000 	C:\WINDOWS\SYSTEM32\ncrypt.dll
0x00007ffeef520000 - 0x00007ffeef55f000 	C:\WINDOWS\SYSTEM32\NTASN1.dll
0x00007ffeef420000 - 0x00007ffeef43b000 	C:\WINDOWS\SYSTEM32\CRYPTSP.dll
0x00007ffeeea40000 - 0x00007ffeeea7a000 	C:\WINDOWS\system32\rsaenh.dll
0x00007ffeef0e0000 - 0x00007ffeef10b000 	C:\WINDOWS\SYSTEM32\USERENV.dll
0x00007ffeefc60000 - 0x00007ffeefc8a000 	C:\WINDOWS\SYSTEM32\bcrypt.dll
0x00007ffeef280000 - 0x00007ffeef28c000 	C:\WINDOWS\SYSTEM32\CRYPTBASE.dll
0x00007ffeee4d0000 - 0x00007ffeee504000 	C:\WINDOWS\SYSTEM32\IPHLPAPI.DLL
0x00007ffef2bd0000 - 0x00007ffef2bda000 	C:\WINDOWS\System32\NSI.dll
0x00007ffeee560000 - 0x00007ffeee68c000 	C:\WINDOWS\SYSTEM32\DNSAPI.dll
0x00007ffee4350000 - 0x00007ffee435b000 	C:\Windows\System32\rasadhlp.dll
0x00007ffeea140000 - 0x00007ffeea1c6000 	C:\WINDOWS\System32\fwpuclnt.dll
0x00007ffed0f10000 - 0x00007ffed0f18000 	C:\WINDOWS\system32\wshunix.dll

JVMTI agents:
C:\Program Files\JetBrains\IntelliJ IDEA Community Edition 2024.3.3\lib\idea_rt.jar path:C:\Program Files\Java\jdk-25\bin\instrument.dll, loaded, initialized, instrumentlib options:61314

dbghelp: loaded successfully - version: 4.0.5 - missing functions: none
symbol engine: initialized successfully - sym options: 0x614 - pdb path: .;C:\Program Files\Java\jdk-25\bin;C:\WINDOWS\SYSTEM32;C:\WINDOWS\WinSxS\amd64_microsoft.windows.common-controls_6595b64144ccf1df_6.0.26100.7309_none_3e05feeae336a044;C:\Program Files\Java\jdk-25\bin\server

VM Arguments:
jvm_args: -javaagent:C:\Program Files\JetBrains\IntelliJ IDEA Community Edition 2024.3.3\lib\idea_rt.jar=61314 -Dfile.encoding=UTF-8 -Dsun.stdout.encoding=UTF-8 -Dsun.stderr.encoding=UTF-8 
java_command: com.example.project_management_app.ProjectManagementApplication
java_class_path (initial): C:\Users\mnde\Downloads\project-management-app\target\classes;C:\Users\mnde\.m2\repository\org\springframework\boot\spring-boot-starter-webmvc\4.0.0\spring-boot-starter-webmvc-4.0.0.jar;C:\Users\mnde\.m2\repository\org\springframework\boot\spring-boot-starter\4.0.0\spring-boot-starter-4.0.0.jar;C:\Users\mnde\.m2\repository\org\springframework\boot\spring-boot-starter-logging\4.0.0\spring-boot-starter-logging-4.0.0.jar;C:\Users\mnde\.m2\repository\ch\qos\logback\logback-classic\1.5.21\logback-classic-1.5.21.jar;C:\Users\mnde\.m2\repository\ch\qos\logback\logback-core\1.5.21\logback-core-1.5.21.jar;C:\Users\mnde\.m2\repository\org\apache\logging\log4j\log4j-to-slf4j\2.25.2\log4j-to-slf4j-2.25.2.jar;C:\Users\mnde\.m2\repository\org\apache\logging\log4j\log4j-api\2.25.2\log4j-api-2.25.2.jar;C:\Users\mnde\.m2\repository\org\slf4j\jul-to-slf4j\2.0.17\jul-to-slf4j-2.0.17.jar;C:\Users\mnde\.m2\repository\jakarta\annotation\jakarta.annotation-api\3.0.0\jakarta.annotation-api-3.0.0.jar;C:\Users\mnde\.m2\repository\org\yaml\snakeyaml\2.5\snakeyaml-2.5.jar;C:\Users\mnde\.m2\repository\org\springframework\boot\spring-boot-starter-jackson\4.0.0\spring-boot-starter-jackson-4.0.0.jar;C:\Users\mnde\.m2\repository\org\springframework\boot\spring-boot-jackson\4.0.0\spring-boot-jackson-4.0.0.jar;C:\Users\mnde\.m2\repository\tools\jackson\core\jackson-databind\3.0.2\jackson-databind-3.0.2.jar;C:\Users\mnde\.m2\repository\tools\jackson\core\jackson-core\3.0.2\jackson-core-3.0.2.jar;C:\Users\mnde\.m2\repository\org\springframework\boot\spring-boot-starter-tomcat\4.0.0\spring-boot-starter-tomcat-4.0.0.jar;C:\Users\mnde\.m2\repository\org\springframework\boot\spring-boot-starter-tomcat-runtime\4.0.0\spring-boot-starter-tomcat-runtime-4.0.0.jar;C:\Users\mnde\.m2\repository\org\apache\tomcat\embed\tomcat-embed-core\11.0.14\tomcat-embed-core-11.0.14.jar;C:\Users\mnde\.m2\repository\org\apache\tomcat\embed\tomcat-embed-websocket\11.0.14\tomcat-embed-websocket-11.0.14.jar;C:\Users\mnde\.m2\repository\org\springframework\boot\spring-boot-tomcat\4.0.0\spring-boot-tomcat-4.0.0.jar;C:\Users\mnde\.m2\repository\org\springframework\boot\spring-boot-http-converter\4.0.0\spring-boot-http-converter-4.0.0.jar;C:\Users\mnde\.m2\repository\org\springframework\spring-web\7.0.1\spring-web-7.0.1.jar;C:\Users\mnde\.m2\repository\io\micrometer\micrometer-observation\1.16.0\micrometer-observation-1.16.0.jar;C:\Users\mnde\.m2\repository\io\micrometer\micrometer-commons\1.16.0\micrometer-commons-1.16.0.jar;C:\Users\mnde\.m2\repository\org\springframework\boot\spring-boot-webmvc\4.0.0\spring-boot-webmvc-4.0.0.jar;C:\Users\mnde\.m2\repository\org\springframework\boot\spring-boot-servlet\4.0.0\spring-boot-servlet-4.0.0.jar;C:\Users\mnde\.m2\repository\org\springframework\spring-webmvc\7.0.1\spring-webmvc-7.0.1.jar;C:\Users\mnde\.m2\repository\org\springframework\spring-expression\7.0.1\spring-expression-7.0.1.jar;C:\Users\mnde\.m2\repository\org\springframework\boot\spring-boot-starter-web\4.0.0\spring-boot-starter-web-4.0.0.jar;C:\Users\mnde\.m2\repository\org\springframework\boot\spring-boot-starter-security\4.0.0\spring-boot-starter-security-4.0.0.jar;C:\Users\mnde\.m2\repository\org\springframework\boot\spring-boot-security\4.0.0\spring-boot-security-4.0.0.jar;C:\Users\mnde\.m2\repository\org\springframework\security\spring-security-config\7.0.0\spring-security-config-7.0.0.jar;C:\Users\mnde\.m2\repository\org\springframework\security\spring-security-core\7.0.0\spring-security-core-7.0.0.jar;C:\Users\mnde\.m2\repository\org\springframework\security\spring-security-crypto\7.0.0\spring-security-crypto-7.0.0.jar;C:\Users\mnde\.m2\repository\org\springframework\security\spring-security-web\7.0.0\spring-security-web-7.0.0.jar;C:\Users\mnde\.m2\repository\org\springframework\spring-aop\7.0.1\spring-aop-7.0.1.jar;C:\Users\mnde\.m2\repository\org\springframework\spring-beans\7.0.1\spring-beans-7.0.1.jar;C:\Users\mnde\.m2\repository\org\springframework\spring-core\7.0.1\spring-core-7.0.1.jar;C:\Users\mnde\.m2\repository\commons-logging\commons-logging\1.3.5\commons-logging-1.3.5.jar;C:\Users\mnde\.m2\repository\org\jspecify\jspecify\1.0.0\jspecify-1.0.0.jar;C:\Users\mnde\.m2\repository\org\springframework\boot\spring-boot-starter-data-jpa\4.0.0\spring-boot-starter-data-jpa-4.0.0.jar;C:\Users\mnde\.m2\repository\org\springframework\boot\spring-boot-starter-jdbc\4.0.0\spring-boot-starter-jdbc-4.0.0.jar;C:\Users\mnde\.m2\repository\com\zaxxer\HikariCP\7.0.2\HikariCP-7.0.2.jar;C:\Users\mnde\.m2\repository\org\slf4j\slf4j-api\2.0.17\slf4j-api-2.0.17.jar;C:\Users\mnde\.m2\repository\org\springframework\boot\spring-boot-data-jpa\4.0.0\spring-boot-data-jpa-4.0.0.jar;C:\Users\mnde\.m2\repository\org\springframework\boot\spring-boot-data-commons\4.0.0\spring-boot-data-commons-4.0.0.jar;C:\Users\mnde\.m2\repository\org\springframework\boot\spring-boot-persistence\4.0.0\spring-boot-persistence-4.0.0.jar;C:\Users\mnde\.m2\repository\org\springframework\data\spring-data-commons\4.0.0\spring-data-commons-4.0.0.jar;C:\Users\mnde\.m2\repository\org\springframework\boot\spring-boot-hibernate\4.0.0\spring-boot-hibernate-4.0.0.jar;C:\Users\mnde\.m2\repository\org\springframework\boot\spring-boot-jpa\4.0.0\spring-boot-jpa-4.0.0.jar;C:\Users\mnde\.m2\repository\jakarta\persistence\jakarta.persistence-api\3.2.0\jakarta.persistence-api-3.2.0.jar;C:\Users\mnde\.m2\repository\org\hibernate\orm\hibernate-core\7.1.8.Final\hibernate-core-7.1.8.Final.jar;C:\Users\mnde\.m2\repository\jakarta\transaction\jakarta.transaction-api\2.0.1\jakarta.transaction-api-2.0.1.jar;C:\Users\mnde\.m2\repository\org\hibernate\models\hibernate-models\1.0.1\hibernate-models-1.0.1.jar;C:\Users\mnde\.m2\repository\org\glassfish\jaxb\jaxb-runtime\4.0.6\jaxb-runtime-4.0.6.jar;C:\Users\mnde\.m2\repository\org\glassfish\jaxb\jaxb-core\4.0.6\jaxb-core-4.0.6.jar;C:\Users\mnde\.m2\repository\org\glassfish\jaxb\txw2\4.0.6\txw2-4.0.6.jar;C:\Users\mnde\.m2\repository\com\sun\istack\istack-commons-runtime\4.1.2\istack-commons-runtime-4.1.2.jar;C:\Users\mnde\.m2\repository\jakarta\inject\jakarta.inject-api\2.0.1\jakarta.inject-api-2.0.1.jar;C:\Users\mnde\.m2\repository\org\springframework\spring-orm\7.0.1\spring-orm-7.0.1.jar;C:\Users\mnde\.m2\repository\org\springframework\data\spring-data-jpa\4.0.0\spring-data-jpa-4.0.0.jar;C:\Users\mnde\.m2\repository\org\springframework\spring-tx\7.0.1\spring-tx-7.0.1.jar;C:\Users\mnde\.m2\repository\org\antlr\antlr4-runtime\4.13.2\antlr4-runtime-4.13.2.jar;C:\Users\mnde\.m2\repository\org\springframework\spring-aspects\7.0.1\spring-aspects-7.0.1.jar;C:\Users\mnde\.m2\repository\org\aspectj\aspectjweaver\1.9.25\aspectjweaver-1.9.25.jar;C:\Users\mnde\.m2\repository\org\springframework\boot\spring-boot-jdbc\4.0.0\spring-boot-jdbc-4.0.0.jar;C:\Users\mnde\.m2\repository\org\springframework\boot\spring-boot-sql\4.0.0\spring-boot-sql-4.0.0.jar;C:\Users\mnde\.m2\repository\org\springframework\boot\spring-boot-transaction\4.0.0\spring-boot-transaction-4.0.0.jar;C:\Users\mnde\.m2\repository\org\springframework\spring-jdbc\7.0.1\spring-jdbc-7.0.1.jar;C:\Users\mnde\.m2\repository\com\mysql\mysql-connector-j\8.0.33\mysql-connector-j-8.0.33.jar;C:\Users\mnde\.m2\repository\io\jsonwebtoken\jjwt-api\0.11.5\jjwt-api-0.11.5.jar;C:\Users\mnde\.m2\repository\io\jsonwebtoken\jjwt-impl\0.11.5\jjwt-impl-0.11.5.jar;C:\Users\mnde\.m2\repository\io\jsonwebtoken\jjwt-jackson\0.11.5\jjwt-jackson-0.11.5.jar;C:\Users\mnde\.m2\repository\com\fasterxml\jackson\core\jackson-databind\2.20.1\jackson-databind-2.20.1.jar;C:\Users\mnde\.m2\repository\com\fasterxml\jackson\core\jackson-annotations\2.20\jackson-annotations-2.20.jar;C:\Users\mnde\.m2\repository\com\fasterxml\jackson\core\jackson-core\2.20.1\jackson-core-2.20.1.jar;C:\Users\mnde\.m2\repository\org\springframework\boot\spring-boot-starter-validation\4.0.0\spring-boot-starter-validation-4.0.0.jar;C:\Users\mnde\.m2\repository\org\springframework\boot\spring-boot-validation\4.0.0\spring-boot-validation-4.0.0.jar;C:\Users\mnde\.m2\repository\org\apache\tomcat\embed\tomcat-embed-el\11.0.14\tomcat-embed-el-11.0.14.jar;C:\Users\mnde\.m2\repository\org\hibernate\validator\hibernate-validator\9.0.1.Final\hibernate-validator-9.0.1.Final.jar;C:\Users\mnde\.m2\repository\jakarta\validation\jakarta.validation-api\3.1.1\jakarta.validation-api-3.1.1.jar;C:\Users\mnde\.m2\repository\org\jboss\logging\jboss-logging\3.6.1.Final\jboss-logging-3.6.1.Final.jar;C:\Users\mnde\.m2\repository\com\fasterxml\classmate\1.7.1\classmate-1.7.1.jar;C:\Users\mnde\.m2\repository\org\springframework\boot\spring-boot-starter-mail\4.0.0\spring-boot-starter-mail-4.0.0.jar;C:\Users\mnde\.m2\repository\org\springframework\boot\spring-boot-mail\4.0.0\spring-boot-mail-4.0.0.jar;C:\Users\mnde\.m2\repository\org\springframework\spring-context-support\7.0.1\spring-context-support-7.0.1.jar;C:\Users\mnde\.m2\repository\jakarta\mail\jakarta.mail-api\2.1.5\jakarta.mail-api-2.1.5.jar;C:\Users\mnde\.m2\repository\jakarta\activation\jakarta.activation-api\2.1.4\jakarta.activation-api-2.1.4.jar;C:\Users\mnde\.m2\repository\org\eclipse\angus\angus-mail\2.0.5\angus-mail-2.0.5.jar;C:\Users\mnde\.m2\repository\org\eclipse\angus\angus-activation\2.0.3\angus-activation-2.0.3.jar;C:\Users\mnde\.m2\repository\org\springframework\boot\spring-boot-starter-thymeleaf\4.0.0\spring-boot-starter-thymeleaf-4.0.0.jar;C:\Users\mnde\.m2\repository\org\springframework\boot\spring-boot-thymeleaf\4.0.0\spring-boot-thymeleaf-4.0.0.jar;C:\Users\mnde\.m2\repository\org\thymeleaf\thymeleaf-spring6\3.1.3.RELEASE\thymeleaf-spring6-3.1.3.RELEASE.jar;C:\Users\mnde\.m2\repository\org\thymeleaf\thymeleaf\3.1.3.RELEASE\thymeleaf-3.1.3.RELEASE.jar;C:\Users\mnde\.m2\repository\org\attoparser\attoparser\2.0.7.RELEASE\attoparser-2.0.7.RELEASE.jar;C:\Users\mnde\.m2\repository\org\unbescape\unbescape\1.1.6.RELEASE\unbescape-1.1.6.RELEASE.jar;C:\Users\mnde\.m2\repository\org\projectlombok\lombok\1.18.42\lombok-1.18.42.jar;C:\Users\mnde\.m2\repository\org\springframework\boot\spring-boot-starter-websocket\4.0.0\spring-boot-starter-websocket-4.0.0.jar;C:\Users\mnde\.m2\repository\org\springframework\boot\spring-boot-websocket\4.0.0\spring-boot-websocket-4.0.0.jar;C:\Users\mnde\.m2\repository\org\springframework\spring-messaging\7.0.1\spring-messaging-7.0.1.jar;C:\Users\mnde\.m2\repository\org\springframework\spring-websocket\7.0.1\spring-websocket-7.0.1.jar;C:\Users\mnde\.m2\repository\org\springframework\boot\spring-boot-devtools\4.0.0\spring-boot-devtools-4.0.0.jar;C:\Users\mnde\.m2\repository\org\springframework\boot\spring-boot\4.0.0\spring-boot-4.0.0.jar;C:\Users\mnde\.m2\repository\org\springframework\spring-context\7.0.1\spring-context-7.0.1.jar;C:\Users\mnde\.m2\repository\org\springframework\boot\spring-boot-autoconfigure\4.0.0\spring-boot-autoconfigure-4.0.0.jar;C:\Users\mnde\.m2\repository\jakarta\xml\bind\jakarta.xml.bind-api\4.0.4\jakarta.xml.bind-api-4.0.4.jar;C:\Users\mnde\.m2\repository\net\bytebuddy\byte-buddy\1.17.8\byte-buddy-1.17.8.jar;C:\Users\mnde\.m2\repository\org\springframework\boot\spring-boot-web-server\4.0.0\spring-boot-web-server-4.0.0.jar
Launcher Type: SUN_STANDARD

[Global flags]
     intx CICompilerCount                          = 4                                         {product} {ergonomic}
     uint ConcGCThreads                            = 3                                         {product} {ergonomic}
     uint G1ConcRefinementThreads                  = 10                                        {product} {ergonomic}
   size_t G1HeapRegionSize                         = 1048576                                   {product} {ergonomic}
   size_t InitialHeapSize                          = 130023424                                 {product} {ergonomic}
   size_t MarkStackSize                            = 4194304                                   {product} {ergonomic}
   size_t MarkStackSizeMax                         = 536870912                                 {product} {ergonomic}
   size_t MaxHeapSize                              = 2065694720                                {product} {ergonomic}
   size_t MaxNewSize                               = 1239416832                                {product} {ergonomic}
   size_t MinHeapDeltaBytes                        = 1048576                                   {product} {ergonomic}
   size_t MinHeapSize                              = 8388608                                   {product} {ergonomic}
    uintx NonNMethodCodeHeapSize                   = 5832704                                {pd product} {ergonomic}
    uintx NonProfiledCodeHeapSize                  = 122945536                              {pd product} {ergonomic}
    uintx ProfiledCodeHeapSize                     = 122880000                              {pd product} {ergonomic}
    uintx ReservedCodeCacheSize                    = 251658240                              {pd product} {ergonomic}
     bool SegmentedCodeCache                       = true                                      {product} {ergonomic}
   size_t SoftMaxHeapSize                          = 2065694720                             {manageable} {ergonomic}
     bool UseCompressedOops                        = true                           {product lp64_product} {ergonomic}
     bool UseG1GC                                  = true                                      {product} {ergonomic}
     bool UseLargePagesIndividualAllocation        = false                                  {pd product} {ergonomic}

Logging:
Log output configuration:
 #0: stdout all=warning uptime,level,tags foldmultilines=false
 #1: stderr all=off uptime,level,tags foldmultilines=false

Release file:
IMPLEMENTOR="Oracle Corporation" 
JAVA_RUNTIME_VERSION="25.0.1+8-LTS-27" 
JAVA_VERSION="25.0.1" 
JAVA_VERSION_DATE="2025-10-21" 
LIBC="default" 
MODULES="java.base java.compiler java.datatransfer java.xml java.prefs java.desktop java.instrument java.logging java.management java.security.sasl java.naming java.rmi java.management.rmi java.net.http java.scripting java.security.jgss java.transaction.xa java.sql java.sql.rowset java.xml.crypto java.se java.smartcardio jdk.accessibility jdk.internal.jvmstat jdk.attach jdk.charsets jdk.internal.opt jdk.zipfs jdk.compiler jdk.crypto.cryptoki jdk.crypto.ec jdk.crypto.mscapi jdk.dynalink jdk.internal.ed jdk.editpad jdk.internal.vm.ci jdk.graal.compiler jdk.graal.compiler.management jdk.hotspot.agent jdk.httpserver jdk.incubator.vector jdk.internal.le jdk.internal.md jdk.jartool jdk.javadoc jdk.jcmd jdk.management jdk.management.agent jdk.jconsole jdk.jdeps jdk.jdwp.agent jdk.jdi jdk.jfr jdk.jlink jdk.jpackage jdk.jshell jdk.jsobject jdk.jstatd jdk.localedata jdk.management.jfr jdk.naming.dns jdk.naming.rmi jdk.net jdk.nio.mapmode jdk.sctp jdk.security.auth jdk.security.jgss jdk.unsupported jdk.unsupported.desktop jdk.xml.dom" 
OS_ARCH="x86_64" 
OS_NAME="Windows" 
SOURCE=".:git:862c85bc42b7 open:git:78770bfaefd2" 

Environment Variables:
JAVA_HOME=C:\Program Files\Java\jdk-23
PATH=C:\Program Files\Common Files\Oracle\Java\javapath;C:\Python313\Scripts\;C:\Python313\;C:\Program Files\Python312\Scripts\;C:\Program Files\Python312\;C:\WINDOWS\system32;C:\WINDOWS;C:\WINDOWS\System32\Wbem;C:\WINDOWS\System32\WindowsPowerShell\v1.0\;C:\WINDOWS\System32\OpenSSH\;C:\ProgramData\chocolatey\bin;C:\Program Files\Git\cmd;C:\Program Files\Java\jdk-20\bin;C:\Program Files\Java\jdk-23\bin;C:\Program Files\MySQL\MySQL Server 9.1\bin;C:\Users\mnde\AppData\Roaming\nvm;C:\Program Files\nodejs;C:\Program Files\nodejs\;C:\Program Files\CMake\bin;C:\Users\mnde\Downloads\poppler-24.08.0\Library\bin;C:\apache-maven-3.9.9\bin;C:\Program Files\dotnet\;C:\xampp\php;C:\ProgramData\ComposerSetup\bin;C:\Users\mnde\Downloads\ffmpeg-7.1.1-essentials_build\bin;C:\Program Files\Git LFS;C:\Program Files\Java\jdk-25\bin;C:\Users\mnde\.cargo\bin;C:\Users\mnde\AppData\Local\Programs\Python\Python310\Scripts\;C:\Users\mnde\AppData\Local\Programs\Python\Python310\;C:\Users\mnde\AppData\Local\Microsoft\WindowsApps;C:\Program Files\JetBrains\IntelliJ IDEA 2023.3.3\bin;;C:\Users\mnde\AppData\Local\GitHubDesktop\bin;C:\Users\mnde\AppData\Local\Programs\Microsoft VS Code\bin;C:\Users\mnde\AppData\Roaming\nvm;C:\Program Files\nodejs;C:\Users\mnde\AppData\Roaming\npm;;C:\Program Files\JetBrains\IntelliJ IDEA Community Edition 2024.3.3\bin;;C:\Users\mnde\.dotnet\tools;C:\Users\mnde\AppData\Roaming\Composer\vendor\bin
USERNAME=mnde
OS=Windows_NT
PROCESSOR_IDENTIFIER=Intel64 Family 6 Model 154 Stepping 4, GenuineIntel
TMP=C:\Users\mnde\AppData\Local\Temp
TEMP=C:\Users\mnde\AppData\Local\Temp




Compilation memory statistics disabled.

Periodic native trim disabled

---------------  S Y S T E M  ---------------

OS:
 Windows 11 , 64 bit Build 26100 (10.0.26100.7623)
OS uptime: 1 days 10:00 hours
Hyper-V role detected

CPU: total 12 (initial active 12) (6 cores per cpu, 2 threads per core) family 6 model 154 stepping 4 microcode 0x437, cx8, cmov, fxsr, ht, mmx, 3dnowpref, sse, sse2, sse3, ssse3, sse4.1, sse4.2, popcnt, lzcnt, tsc, tscinvbit, avx, avx2, aes, erms, clmul, bmi1, bmi2, adx, sha, fma, vzeroupper, clflush, clflushopt, clwb, hv, serialize, rdtscp, rdpid, fsrm, gfni, f16c, cet_ibt, cet_ss
Processor Information for processor 0
  Max Mhz: 1300, Current Mhz: 1300, Mhz Limit: 1300
Processor Information for processor 1
  Max Mhz: 1300, Current Mhz: 1300, Mhz Limit: 1300
Processor Information for processor 2
  Max Mhz: 1300, Current Mhz: 1300, Mhz Limit: 1300
Processor Information for processor 3
  Max Mhz: 1300, Current Mhz: 1300, Mhz Limit: 1300
Processor Information for processor 4
  Max Mhz: 1300, Current Mhz: 900, Mhz Limit: 897
Processor Information for processor 5
  Max Mhz: 1300, Current Mhz: 900, Mhz Limit: 897
Processor Information for processor 6
  Max Mhz: 1300, Current Mhz: 900, Mhz Limit: 897
Processor Information for processor 7
  Max Mhz: 1300, Current Mhz: 900, Mhz Limit: 897
Processor Information for processor 8
  Max Mhz: 1300, Current Mhz: 900, Mhz Limit: 897
Processor Information for processor 9
  Max Mhz: 1300, Current Mhz: 900, Mhz Limit: 897
Processor Information for processor 10
  Max Mhz: 1300, Current Mhz: 900, Mhz Limit: 897
Processor Information for processor 11
  Max Mhz: 1300, Current Mhz: 900, Mhz Limit: 897

Memory: 4k page, system-wide physical 7875M (712M free)
TotalPageFile size 32451M (AvailPageFile size 0M)
current process WorkingSet (physical memory assigned to process): 65M, peak: 450M
current process commit charge ("private bytes"): 469M, peak: 510M

vm_info: Java HotSpot(TM) 64-Bit Server VM (25.0.1+8-LTS-27) for windows-amd64 JRE (25.0.1+8-LTS-27), built on 2025-09-25T16:41:16Z with unknown MS VC++:1943

END.
